2019-10-16 23:07:23 [scrapy.core.scraper] ERROR: Spider error processing <GET http://wz.sun0769.com/index.php/question/questionType?type=4&page=0> (referer: None)
Traceback (most recent call last):
  File "/home/dango/.virtualenvs/dj18_py3/lib/python3.6/site-packages/scrapy/utils/defer.py", line 102, in iter_errback
    yield next(it)
  File "/home/dango/.virtualenvs/dj18_py3/lib/python3.6/site-packages/scrapy/core/spidermw.py", line 84, in evaluate_iterable
    for r in iterable:
  File "/home/dango/.virtualenvs/dj18_py3/lib/python3.6/site-packages/scrapy/spidermiddlewares/offsite.py", line 29, in process_spider_output
    for x in result:
  File "/home/dango/.virtualenvs/dj18_py3/lib/python3.6/site-packages/scrapy/core/spidermw.py", line 84, in evaluate_iterable
    for r in iterable:
  File "/home/dango/.virtualenvs/dj18_py3/lib/python3.6/site-packages/scrapy/spidermiddlewares/referer.py", line 339, in <genexpr>
    return (_set_referer(r) for r in result or ())
  File "/home/dango/.virtualenvs/dj18_py3/lib/python3.6/site-packages/scrapy/core/spidermw.py", line 84, in evaluate_iterable
    for r in iterable:
  File "/home/dango/.virtualenvs/dj18_py3/lib/python3.6/site-packages/scrapy/spidermiddlewares/urllength.py", line 37, in <genexpr>
    return (r for r in result or () if _filter(r))
  File "/home/dango/.virtualenvs/dj18_py3/lib/python3.6/site-packages/scrapy/core/spidermw.py", line 84, in evaluate_iterable
    for r in iterable:
  File "/home/dango/.virtualenvs/dj18_py3/lib/python3.6/site-packages/scrapy/spidermiddlewares/depth.py", line 58, in <genexpr>
    return (r for r in result or () if _filter(r))
  File "/mnt/d/Code/PycharmProjects/MySpider/yangguang/yangguang/spiders/yg.py", line 24, in parse
    meta={"item":item}
  File "/home/dango/.virtualenvs/dj18_py3/lib/python3.6/site-packages/scrapy/http/request/__init__.py", line 25, in __init__
    self._set_url(url)
  File "/home/dango/.virtualenvs/dj18_py3/lib/python3.6/site-packages/scrapy/http/request/__init__.py", line 63, in _set_url
    raise TypeError('Request url must be str or unicode, got %s:' % type(url).__name__)
TypeError: Request url must be str or unicode, got NoneType:
2019-10-16 23:10:11 [scrapy.core.scraper] ERROR: Spider error processing <GET http://wz.sun0769.com/index.php/question/questionType?type=4&page=0> (referer: None)
Traceback (most recent call last):
  File "/home/dango/.virtualenvs/dj18_py3/lib/python3.6/site-packages/scrapy/utils/defer.py", line 102, in iter_errback
    yield next(it)
  File "/home/dango/.virtualenvs/dj18_py3/lib/python3.6/site-packages/scrapy/core/spidermw.py", line 84, in evaluate_iterable
    for r in iterable:
  File "/home/dango/.virtualenvs/dj18_py3/lib/python3.6/site-packages/scrapy/spidermiddlewares/offsite.py", line 29, in process_spider_output
    for x in result:
  File "/home/dango/.virtualenvs/dj18_py3/lib/python3.6/site-packages/scrapy/core/spidermw.py", line 84, in evaluate_iterable
    for r in iterable:
  File "/home/dango/.virtualenvs/dj18_py3/lib/python3.6/site-packages/scrapy/spidermiddlewares/referer.py", line 339, in <genexpr>
    return (_set_referer(r) for r in result or ())
  File "/home/dango/.virtualenvs/dj18_py3/lib/python3.6/site-packages/scrapy/core/spidermw.py", line 84, in evaluate_iterable
    for r in iterable:
  File "/home/dango/.virtualenvs/dj18_py3/lib/python3.6/site-packages/scrapy/spidermiddlewares/urllength.py", line 37, in <genexpr>
    return (r for r in result or () if _filter(r))
  File "/home/dango/.virtualenvs/dj18_py3/lib/python3.6/site-packages/scrapy/core/spidermw.py", line 84, in evaluate_iterable
    for r in iterable:
  File "/home/dango/.virtualenvs/dj18_py3/lib/python3.6/site-packages/scrapy/spidermiddlewares/depth.py", line 58, in <genexpr>
    return (r for r in result or () if _filter(r))
  File "/mnt/d/Code/PycharmProjects/MySpider/yangguang/yangguang/spiders/yg.py", line 27, in parse
    meta={"item":item}
  File "/home/dango/.virtualenvs/dj18_py3/lib/python3.6/site-packages/scrapy/http/request/__init__.py", line 25, in __init__
    self._set_url(url)
  File "/home/dango/.virtualenvs/dj18_py3/lib/python3.6/site-packages/scrapy/http/request/__init__.py", line 63, in _set_url
    raise TypeError('Request url must be str or unicode, got %s:' % type(url).__name__)
TypeError: Request url must be str or unicode, got NoneType:
2019-10-16 23:25:05 [yangguang.spiders.yg] WARNING: http://wz.sun0769.com/html/question/201910/432210.shtml
2019-10-16 23:25:05 [yangguang.spiders.yg] WARNING: http://wz.sun0769.com/html/question/201910/432208.shtml
2019-10-16 23:25:05 [yangguang.spiders.yg] WARNING: http://wz.sun0769.com/html/question/201910/432205.shtml
2019-10-16 23:25:05 [yangguang.spiders.yg] WARNING: http://wz.sun0769.com/html/question/201910/432204.shtml
2019-10-16 23:25:05 [yangguang.spiders.yg] WARNING: http://wz.sun0769.com/html/question/201910/432202.shtml
2019-10-16 23:25:05 [yangguang.spiders.yg] WARNING: http://wz.sun0769.com/html/question/201910/432198.shtml
2019-10-16 23:25:05 [yangguang.spiders.yg] WARNING: http://wz.sun0769.com/html/question/201910/432195.shtml
2019-10-16 23:25:05 [yangguang.spiders.yg] WARNING: http://wz.sun0769.com/html/question/201910/432194.shtml
2019-10-16 23:25:05 [yangguang.spiders.yg] WARNING: http://wz.sun0769.com/html/question/201910/432190.shtml
2019-10-16 23:25:05 [yangguang.spiders.yg] WARNING: http://wz.sun0769.com/html/question/201910/432188.shtml
2019-10-16 23:25:05 [yangguang.spiders.yg] WARNING: http://wz.sun0769.com/html/question/201910/432185.shtml
2019-10-16 23:25:05 [yangguang.spiders.yg] WARNING: http://wz.sun0769.com/html/question/201910/432184.shtml
2019-10-16 23:25:05 [yangguang.spiders.yg] WARNING: http://wz.sun0769.com/html/question/201910/432181.shtml
2019-10-16 23:25:05 [yangguang.spiders.yg] WARNING: http://wz.sun0769.com/html/question/201910/432180.shtml
2019-10-16 23:25:05 [yangguang.spiders.yg] WARNING: http://wz.sun0769.com/html/question/201910/432179.shtml
2019-10-16 23:25:05 [yangguang.spiders.yg] WARNING: http://wz.sun0769.com/html/question/201910/432177.shtml
2019-10-16 23:25:05 [yangguang.spiders.yg] WARNING: http://wz.sun0769.com/html/question/201910/432175.shtml
2019-10-16 23:25:05 [yangguang.spiders.yg] WARNING: http://wz.sun0769.com/html/question/201910/432174.shtml
2019-10-16 23:25:05 [yangguang.spiders.yg] WARNING: http://wz.sun0769.com/html/question/201910/432172.shtml
2019-10-16 23:25:05 [yangguang.spiders.yg] WARNING: http://wz.sun0769.com/html/question/201910/432169.shtml
2019-10-16 23:25:05 [yangguang.spiders.yg] WARNING: http://wz.sun0769.com/html/question/201910/432167.shtml
2019-10-16 23:25:05 [yangguang.spiders.yg] WARNING: http://wz.sun0769.com/html/question/201910/432165.shtml
2019-10-16 23:25:05 [yangguang.spiders.yg] WARNING: http://wz.sun0769.com/html/question/201910/432162.shtml
2019-10-16 23:25:05 [yangguang.spiders.yg] WARNING: http://wz.sun0769.com/html/question/201910/432157.shtml
2019-10-16 23:25:05 [yangguang.spiders.yg] WARNING: http://wz.sun0769.com/html/question/201910/432156.shtml
2019-10-16 23:25:05 [yangguang.spiders.yg] WARNING: http://wz.sun0769.com/html/question/201910/432149.shtml
2019-10-16 23:25:05 [yangguang.spiders.yg] WARNING: http://wz.sun0769.com/html/question/201910/432147.shtml
2019-10-16 23:25:05 [yangguang.spiders.yg] WARNING: http://wz.sun0769.com/html/question/201910/432144.shtml
2019-10-16 23:25:05 [yangguang.spiders.yg] WARNING: http://wz.sun0769.com/html/question/201910/432142.shtml
2019-10-16 23:25:05 [yangguang.spiders.yg] WARNING: http://wz.sun0769.com/html/question/201910/432140.shtml
2019-10-16 23:25:05 [yangguang.spiders.yg] WARNING: {'content': ['\xa0\xa0\xa0\xa0', '\r\n      ', '\r\n      ', '\r\n        '],
 'content_img': ['http://wz.sun0769.com/uploads/attached/2019/10/453b1c32a9738f848e90ef14f9e8906a.PNG'],
 'href': 'http://wz.sun0769.com/html/question/201910/432208.shtml',
 'publish_date': None,
 'title': '东坑海伦堡松湖湾2个自然日内拒绝退还定金'}
2019-10-16 23:25:05 [yangguang.spiders.yg] WARNING: {'content': ['\xa0\xa0\xa0\xa0反应移动信号不好',
             '\xa0\xa0\xa0\xa0     ',
             '\xa0\xa0\xa0\xa0     移动客服09285 回复如下：',
             '\xa0\xa0\xa0\xa0     ',
             '\xa0\xa0\xa0\xa0     '
             '1.移动就是不解决信号问题，而且建议消费者，改用别的运营商的服务，或则降低使用的套餐，以减少开销',
             '\xa0\xa0\xa0\xa0     ',
             '\xa0\xa0\xa0\xa0     mark: 你们是移动是不是不要消费者，这个是你们移动客服服务态度，如此的傲慢',
             '\xa0\xa0\xa0\xa0',
             '\xa0\xa0\xa0\xa0   难道你们客服都是叫消费者不要用你们移动的服务',
             '\xa0\xa0\xa0\xa0     ',
             '\xa0\xa0\xa0\xa0     2.说什么电话具有移动性，可以移动到信号好的地方 的去接听电话，',
             '\xa0\xa0\xa0\xa0    ',
             '\xa0\xa0\xa0\xa0    明明知道这个地方信号不，还说什么电话具有移动性，这个是赤裸裸的挑衅行为。',
             '\xa0\xa0\xa0\xa0     ',
             '\xa0\xa0\xa0\xa0     Mark: 是不是晚上在家接电话，信号不好，是不是也得移动，跑到1公里以外地方接电话',
             '\xa0\xa0\xa0\xa0     ',
             '\xa0\xa0\xa0\xa0     这个是什么服务态度，',
             '\xa0\xa0\xa0\xa0     ',
             '\xa0\xa0\xa0\xa0     '
             '你们这个移动客户态度竟然如此的傲慢，是谁给你的权力，是移动吗？还是你们移动的服务态度本来就如此恶劣。',
             '\xa0\xa0\xa0\xa0     ',
             '\xa0\xa0\xa0\xa0     强烈要求这个客服人员道歉！！！',
             '\xa0\xa0\xa0\xa0',
             '\xa0\xa0\xa0\xa0尊敬的客户： ',
             '\xa0\xa0\xa0\xa0您好！非常感谢阳光热线和这位客户对我公司的监督和支持。 ',
             '\xa0\xa0\xa0\xa0'
             '您所反映东莞市虎门镇怀德雅瑶工业区信号弱无法上网及对人员服务质量的的问题，经核实，该问题我司计划在投诉点规划建设微型信号放大器来改善信号问题，但客户不同意，故未安装。我司同时已有规划建设4G微小站点来改善附近信号，如果站点建设一切顺利，预计完成时间：3个月。待设备安装后投诉问题会得到改善，同时感谢王先生对我司客户服务工作的监督，我司会不断加强服务质量提升工作，争取日后能提供到更加优质量的服务，期间给您造成不便我司表示歉意。 ',
             '\xa0\xa0\xa0\xa0最后，再次感谢阳光热线和这位客户对我公司工作的监督与支持',
             '\xa0\xa0\xa0\xa0',
             '\xa0\xa0\xa0\xa0',
             '\xa0\xa0\xa0\xa0这个回复牛头不对马嘴，我又没有问信号的问题，你回复信号的问题干嘛',
             '\xa0\xa0\xa0\xa0',
             '\xa0\xa0\xa0\xa0投诉的是客服人员，要求客户不要用移动的电话套餐和解释电话具有什么移动性，你们扯什么信号问题吗？',
             '\xa0\xa0\xa0\xa0',
             '\xa0\xa0\xa0\xa0难道你们移动都是支持客服人员这么回复客户，认为他们这种回复是正确的？',
             '\xa0\xa0\xa0\xa0',
             '\xa0\xa0\xa0\xa0要求解释！！！！',
             '\xa0\xa0\xa0\xa0',
             '\xa0\xa0\xa0\xa0',
             '\r\n      ',
             '\r\n      ',
             '\r\n        '],
 'content_img': [],
 'href': 'http://wz.sun0769.com/html/question/201910/432210.shtml',
 'publish_date': None,
 'title': '投诉移动客服人员09285'}
2019-10-16 23:25:05 [yangguang.spiders.yg] WARNING: {'content': ['\xa0\xa0\xa0\xa0', '\r\n      ', '\r\n      ', '\r\n        '],
 'content_img': ['http://wz.sun0769.com/uploads/attached/2019/10/27db774a884adcbb0b7cb3c5af6646f5.jpg'],
 'href': 'http://wz.sun0769.com/html/question/201910/432195.shtml',
 'publish_date': None,
 'title': '华讯大宅后面堆放建筑材料'}
2019-10-16 23:25:05 [yangguang.spiders.yg] WARNING: {'content': ['\xa0\xa0\xa0\xa0'
             '本人于2017年在东莞市黄江镇购买的《华安商住小区》（又名“华安珑廷”）一套商品房，交付日期为2019年3月3日，经多方催促（住建局等），开发商发材料信息拖延到2019年9月30日交付，但现已过二次交付日期，开发商毫无动静，买房已经掏空积蓄，期待的是早日期住入自购的房子，现在不但每月还银行大额的购房贷款，还要付外租房租，因此强烈诉求：',
             '\xa0\xa0\xa0\xa01、敦促开发商明确交付时间。',
             '\xa0\xa0\xa0\xa02、本月实行按购房合同进行违约赔偿，已经违约的一次性补齐，后续违约按月赔偿。',
             '\xa0\xa0\xa0\xa03、本月补偿违约期的租房租金，已经违约的日期一次性补齐，后续违约按月赔偿。        ',
             '\r\n      ',
             '\r\n      ',
             '\r\n        '],
 'content_img': [],
 'href': 'http://wz.sun0769.com/html/question/201910/432181.shtml',
 'publish_date': None,
 'title': '东莞市黄江镇长江路华安商住小区逾期半年多未交房，亟待交房和按..'}
2019-10-16 23:25:05 [yangguang.spiders.yg] WARNING: {'content': ['\xa0\xa0\xa0\xa0打81313312望牛墩分局电话，天天打天天无人接听，是不是望牛墩分局电话换了还是怎么了。',
             '\r\n      ',
             '\r\n      ',
             '\r\n        '],
 'content_img': [],
 'href': 'http://wz.sun0769.com/html/question/201910/432188.shtml',
 'publish_date': None,
 'title': '东莞市工商局望牛墩分局电话长期无人接听'}
2019-10-16 23:25:05 [yangguang.spiders.yg] WARNING: {'content': ['\xa0\xa0\xa0\xa0东城岭南园林公园后面的两个篮球场，一个球场的灯光损坏不亮，建议进行修复。',
             '\r\n      ',
             '\r\n      ',
             '\r\n        '],
 'content_img': [],
 'href': 'http://wz.sun0769.com/html/question/201910/432184.shtml',
 'publish_date': None,
 'title': '东城岭南园林公园后面的两个篮球场，一个球场的灯光损坏不亮，建..'}
2019-10-16 23:25:05 [yangguang.spiders.yg] WARNING: {'content': ['\xa0\xa0\xa0\xa0'
             '寮步镇华衍学校对离职教师教师拒发2018-2019第二学期绩效工资，严重侵害我们教师的自身利益，该绩效工资是从教师每个月的工资里扣除一部分，总共4个半月共2700元绩效工资，我已按照学校要求完成该学期所有工作，绩效工资本是我工资一部分，学校无权扣除，已经交涉几次，华衍学校不给答复，有关部门提供援助，如果不行要寻求法律保护和媒体曝光。',
             '\r\n      ',
             '\r\n      ',
             '\r\n        '],
 'content_img': [],
 'href': 'http://wz.sun0769.com/html/question/201910/432190.shtml',
 'publish_date': None,
 'title': '东莞市寮步镇华衍学校对离职教师拒绩效工资'}
2019-10-16 23:25:05 [yangguang.spiders.yg] WARNING: {'content': ['\xa0\xa0\xa0\xa0'
             '位于常平镇土塘村塘东路五巷1号，狗吠干扰市民问题，并没有完善结果，既然有关部门己知晓情况（回复称狗主人不经常在家，何来尽量管理被狗吠干扰市民的正常生活呢，）：狗日夜不定时的发出吠吼叫声来干扰市民，难道不懂什么叫不定时的概念吗？。难道要放纵狗主人的不文明养吠和无知去干扰市民的正常生活吗，难道就没有治安管理条法吗，个人的自私养犬行为却影响一大片、大人无法休息、小孩的学习也大大的受影响，难道这些不重要吗？还是某些…无能？纵容？',
             '\r\n      ',
             '\r\n      ',
             '\xa0\xa0\xa0\xa0',
             '\r\n      ',
             '\r\n      ',
             '\r\n        '],
 'content_img': [],
 'href': 'http://wz.sun0769.com/html/question/201910/432194.shtml',
 'publish_date': None,
 'title': '狗吠干扰'}
2019-10-16 23:25:05 [yangguang.spiders.yg] WARNING: {'content': ['\xa0\xa0\xa0\xa0'
             '裕光产业园的健身中心9号楼下面，每晚十点后搬运，除了工人吆喝声，大卡车噪音非常扰民，而且常常持续到半夜1、2点，裕光作为物管公司，完全不劝喻，裕光停车场也不阻止，噪音扰民已经维持几个月了，附近满满的居民楼，裕光公司和产业园里进驻的公司完全不理会，裕光产业园也经常一早6点多开工搞建筑，简直扰人清梦，要求重视这种问题，赶工或者日常营业需要都要合法合规',
             '\r\n      ',
             '\r\n      ',
             '\r\n        '],
 'content_img': [],
 'href': 'http://wz.sun0769.com/html/question/201910/432185.shtml',
 'publish_date': None,
 'title': '东莞市东城堑头裕光外贸产业园噪音严重'}
2019-10-16 23:25:05 [yangguang.spiders.yg] WARNING: {'content': ['\xa0\xa0\xa0\xa0'
             '茶山上元村东园路臭水沟发出刺鼻恶臭，十几年毫无改善，每天发出刺鼻恶臭，蚊虫滋生，容易引发登革热等传染疾病，严重影响居住的身体健康安全，生活带来重大的不便。这条臭水沟陆陆续续十几年来都没有得到任何的改善，一到夏天就发出刺鼻恶臭，蚊虫非常多，一下暴雨就堵塞，整条马路也深受影响，希望市有关部门能够查清污染源头，是否有存在未经过处理的污染，也请相关部门能够制定方案解决这条臭水沟的问题！还村民一个美好绿化环境！打造美丽茶山！',
             '\r\n      ',
             '\r\n      ',
             '\r\n        '],
 'content_img': [],
 'href': 'http://wz.sun0769.com/html/question/201910/432198.shtml',
 'publish_date': None,
 'title': '关于茶山上元东园路臭水沟'}
2019-10-16 23:25:05 [yangguang.spiders.yg] WARNING: {'content': ['\xa0\xa0\xa0\xa0'
             '本人于2017年7月在东莞市黄江镇购买的《华安商住小区》（又名“华安珑廷”）一栋一套商品房，交付日期为2019年3月3日，经多方催促（住建局等），开发商发材料信息拖延到2019年9月30日交付，但现已过二次交付日期，开发商毫无动静，买房已经掏空积蓄，期待的是早日期住入自购的房子，现在不但每月还银行大额的购房贷款，还要付外租房租，因此强烈诉求：',
             '\xa0\xa0\xa0\xa01、敦促开发商明确交付时间。',
             '\xa0\xa0\xa0\xa02、本月实行按购房合同进行违约赔偿，已经违约的一次性补齐，后续违约按月赔偿。',
             '\xa0\xa0\xa0\xa03、本月补偿违约期的租房租金，已经违约的日期一次性补齐，后续违约按月赔偿。   ',
             '\r\n      ',
             '\r\n      ',
             '\r\n        '],
 'content_img': [],
 'href': 'http://wz.sun0769.com/html/question/201910/432202.shtml',
 'publish_date': None,
 'title': '东莞市黄江镇长江路华安商住小区逾期半年多未交房，亟待交房和按..'}
2019-10-16 23:25:05 [yangguang.spiders.yg] WARNING: {'content': ['\xa0\xa0\xa0\xa0', '\r\n      ', '\r\n      ', '\r\n        '],
 'content_img': ['http://wz.sun0769.com/uploads/attached/2019/10/4d9698e2b5a995420fa82297a423318c.png'],
 'href': 'http://wz.sun0769.com/html/question/201910/432204.shtml',
 'publish_date': None,
 'title': '东莞苏轼广博检测拖欠离职人员工资'}
2019-10-16 23:25:05 [yangguang.spiders.yg] WARNING: {'content': ['\xa0\xa0\xa0\xa0', '\r\n      ', '\r\n      ', '\r\n        '],
 'content_img': ['http://wz.sun0769.com/uploads/attached/2019/10/56cc792a727ede9e05ad921a16d6625e.jpg'],
 'href': 'http://wz.sun0769.com/html/question/201910/432205.shtml',
 'publish_date': None,
 'title': '虎门梅沙小学周边道路杂草丛生建筑垃圾乱倒问题'}
2019-10-16 23:25:05 [yangguang.spiders.yg] WARNING: {'content': ['\xa0\xa0\xa0\xa0'
             '黄江华安珑珽对我们业主说是3月3号交房，已经拖延半年，开发商也没有给我们赔偿，也没有给具体的交房日期；希望有关部门能协助解决，谢谢',
             '\r\n      ',
             '\r\n      ',
             '\r\n        '],
 'content_img': [],
 'href': 'http://wz.sun0769.com/html/question/201910/432157.shtml',
 'publish_date': None,
 'title': '黄江华安珑珽延迟交房'}
2019-10-16 23:25:05 [yangguang.spiders.yg] WARNING: {'content': ['\xa0\xa0\xa0\xa0'
             '本人于2017年8月在东莞市黄江镇长江路购买的《华安商住小区》（又名“华安珑廷”）一栋1704号商品房，交付日期为2019年3月3日，经多方催促（住建局等），开发商发材料信息拖延到2019年9月30日交付，但现已过二次交付日期，开发商毫无动静，买房已经掏空积蓄，期待的是早日期住入自购的房子，现在不但每月还银行大额的购房贷款，还要付外租房租，因此强烈诉求：',
             '\xa0\xa0\xa0\xa01、敦促开发商明确交付时间。',
             '\xa0\xa0\xa0\xa02、本月实行按购房合同进行违约赔偿，已经违约的一次性补齐，后续违约按月赔偿。',
             '\xa0\xa0\xa0\xa03、本月补偿违约期的租房租金，已经违约的日期一次性补齐，后续违约按月赔偿。',
             '\xa0\xa0\xa0\xa0亟待政府相关部门协助解决，盼复。',
             '\r\n      ',
             '\r\n      ',
             '\r\n        '],
 'content_img': [],
 'href': 'http://wz.sun0769.com/html/question/201910/432162.shtml',
 'publish_date': None,
 'title': '东莞市黄江镇华安商住小区期房逾期半年以上未交楼，也无讯息，要..'}
2019-10-16 23:25:05 [yangguang.spiders.yg] WARNING: {'content': ['\xa0\xa0\xa0\xa0大约2019年8月23日，松山湖征地补偿款已经到齐。',
             '\xa0\xa0\xa0\xa0'
             '村委会没有立即出多种方案让村民投票，发扬民主精神。村委会只是出了两种方案方案进行摸底调查，拖延不少时间。',
             '\xa0\xa0\xa0\xa0'
             '摸底后村委会发现大部分村民不愿意选择第二种方案，又出了一个第二方案的情况说明，再一次拖延时间。村委会的意图很明显，他们的目的就是要大部分村民都选第二个方案，他们才满意。因为第二种方案，单单手续报备就要两年，这两年内资金的流向很难监督，很难不让人怀疑村委的心思。',
             '\xa0\xa0\xa0\xa0到现在过了约两个月，还没有进行任何正式方案投票。希望有关部分能够彻查。',
             '\r\n      ',
             '\r\n      ',
             '\r\n        '],
 'content_img': [],
 'href': 'http://wz.sun0769.com/html/question/201910/432142.shtml',
 'publish_date': None,
 'title': '企石镇博夏村委会办事效率太慢'}
2019-10-16 23:25:05 [yangguang.spiders.yg] WARNING: {'content': ['\xa0\xa0\xa0\xa0'
             '万江信访办按照万江坝新社区根据上东业主委员会及碧桂园物业提供的资料，对本人于2019年9月29日的投诉作了回复，对于上东业主委员会及碧桂园物业公司忽悠业主及政府的行为，极为不满！！再次投诉！！',
             '\xa0\xa0\xa0\xa0'
             '上东业主委员会从来没有将与碧桂园物业签订后的正式物业合同对业主公示，曾经公示的所谓“合同”只是征求意见稿，具体合同条款，各项收费明细均不得而知，碧桂园物业的有偿服务价格高得离谱，使业主与政府根本无法对物业管理进行监督！',
             '\xa0\xa0\xa0\xa0'
             '业主委员会组织选聘物业，对业主宣传作出的小区各种改善、维修、更新设施承诺无一落实！唯一落实的是涨了物业费！！业主普遍感受被欺骗！！',
             '\xa0\xa0\xa0\xa0'
             '公共收益不单只是有停车费，还包括业主委员会对业主宣传的小区广告费，电梯广告费，广场摆摊费等！当时业主委员会宣传时，保证每月公示，接受业主监督，现在已过去快三个月了，公示在哪里了？谁监督公共收益的去向？',
             '\xa0\xa0\xa0\xa0我们大部分业主根本没有收到缴费通知，就产生所谓“滞纳金”，水电费根本没抄表，业主无法核对！！',
             '\xa0\xa0\xa0\xa0'
             '既然停车场道闸系统不完善，又没有发票，怎么可以收费？收费标准是什么？收到的钱去那里了？小区地下停车位都是在开发商那直接办理月租，据了解，开发商根本就没有授权碧桂园物业收取地下车库的临时停车收费，碧桂园物业凭什么乱收费？？？',
             '\xa0\xa0\xa0\xa0'
             '以前物业打扫卫生早晚各一次，现在大幅涨了物业费，反倒降低卫生打扫频次，卫生都搞不好，反过来还将责任推给业主？？天底下还有这样的道理？',
             '\xa0\xa0\xa0\xa0请政府仔细核查！！不再受上东业主委员会和碧桂园物业公司的忽悠！！',
             '\r\n      ',
             '\r\n      ',
             '\r\n        '],
 'content_img': [],
 'href': 'http://wz.sun0769.com/html/question/201910/432165.shtml',
 'publish_date': None,
 'title': '再次投诉上东业主委员会和碧桂园物业公司'}
2019-10-16 23:25:05 [yangguang.spiders.yg] WARNING: {'content': ['\xa0\xa0\xa0\xa0'
             '东莞市陈屋东路一年前开始挖城市排污官网后路面坑坑洼洼一直未回复，车辆走在上面摇摇晃晃的缓慢行驶。特别是下雨天更无法通行，影响行车安全。往有关部门管一下，尽快恢复路面平整安全通行。',
             '\r\n      ',
             '\r\n      ',
             '\xa0\xa0\xa0\xa0',
             '\n',
             '\n',
             '\n',
             '\n',
             '\n',
             '\n',
             '\r\n      ',
             '\r\n      ',
             '\r\n        '],
 'content_img': [],
 'href': 'http://wz.sun0769.com/html/question/201910/432144.shtml',
 'publish_date': None,
 'title': '东莞厚街陈屋东路破烂不堪，无法通行'}
2019-10-16 23:25:05 [yangguang.spiders.yg] WARNING: {'content': ['\xa0\xa0\xa0\xa0'
             '本人购买了沙田滨海明珠（雍景御品花园）一套房，原服务的置业顾问一直在上班并没有辞职，现在无书面通知并且没有征求本人意见情况下随意更换原有的置业顾问，导致本人很多不便！楼盘可随意的对业主个人资料信息随意支配给销售人员？这样我们业主信息泄漏时，需要追究那位责任？希望相关负责部门进行核查其违规情况',
             '\r\n      ',
             '\r\n      ',
             '\r\n        '],
 'content_img': [],
 'href': 'http://wz.sun0769.com/html/question/201910/432147.shtml',
 'publish_date': None,
 'title': '投诉沙田滨海明珠（雍景御品花园）泄漏业主个人信息，随意更换置..'}
2019-10-16 23:25:05 [yangguang.spiders.yg] WARNING: {'content': ['\xa0\xa0\xa0\xa0'
             '你好，各位领导！我是上东国际业主，近两个月以来，楼下的施工方不分昼夜施工，给我们生活带来严重影响，孩子刚上小学，被严重噪音吵到无法睡觉，白天打瞌睡，被老师投诉，想问问有关部门负责人什么时候可以还我们孩子正常生活，跪谢各位！',
             '\r\n      ',
             '\r\n      ',
             '\r\n        '],
 'content_img': [],
 'href': 'http://wz.sun0769.com/html/question/201910/432140.shtml',
 'publish_date': None,
 'title': '噪音扰民'}
2019-10-16 23:25:05 [yangguang.spiders.yg] WARNING: {'content': ['\xa0\xa0\xa0\xa0'
             '请教一下工信局相关部门领导同志，中国移动公司在为用户办理相关业务时，是否需要用户本人申请或同意才办理呢？',
             '\xa0\xa0\xa0\xa0    '
             '现汇报一下本人遇到的问题吧，本人于2016年7月在中国移动营业厅实名登记办理了一张号码卡，用至今未停机、未来欠移动公司的费用，可就在上月28日、29日陆陆续收到短信，内容为“你已成功开通短号家庭网，你的…，……，所有成员包月费用由你支付。）（欢迎使用……，月功能费5元/月…），又是（你已将138………设为家庭成员……）等等一系列的短信，但自始至终，我从来没有回复过任何信息，我想请问一下，这是谁有这个能力为我开通这个业务？而且添加的号码我是不认识的人…。那么还想再问一下各位领导，目前我已经知道为我开通这项业务，那么还为我、为其他的用户开通了多少不知情的收费业务？当然目前只是我身上发现的第二次事件，第一次联系客服已处理，但是……，你们也站在一个普通消费者想一下吧',
             '\r\n      ',
             '\r\n      ',
             '\r\n        '],
 'content_img': [],
 'href': 'http://wz.sun0769.com/html/question/201910/432149.shtml',
 'publish_date': None,
 'title': '移动公司私自办理开通业务'}
2019-10-16 23:25:05 [yangguang.spiders.yg] WARNING: {'content': ['\xa0\xa0\xa0\xa0'
             '东莞移动网络不通10天、电话申请维修十几次仍不安排修理，无奈等！东莞移动发生什么事了？望帮忙解决.（东莞市横沥镇水边综合市场）',
             '\r\n      ',
             '\r\n      ',
             '\r\n        '],
 'content_img': [],
 'href': 'http://wz.sun0769.com/html/question/201910/432156.shtml',
 'publish_date': None,
 'title': '东莞移动网络不通10天、电话申请维修十几次仍不安排修理（东莞..'}
2019-10-16 23:25:06 [yangguang.spiders.yg] WARNING: {'content': ['\xa0\xa0\xa0\xa0'
             '松山湖兰馨园旁边施工工地经常通宵施工，要么就是施工到深夜一、两点，施工声音非常的大，严重影响周边住户的休息睡眠，多次投诉都没有进展，希望能尽快处理。',
             '\r\n      ',
             '\r\n      ',
             '\r\n        '],
 'content_img': [],
 'href': 'http://wz.sun0769.com/html/question/201910/432169.shtml',
 'publish_date': None,
 'title': '松山湖兰馨园旁边施工工地扰民问题'}
2019-10-16 23:25:06 [yangguang.spiders.yg] WARNING: {'content': ['\xa0\xa0\xa0\xa0'
             '常平苏坑村苏坑一路与钓鱼场的十字路口处事故频繁，一月有几单。以前有减速带但日久失修已掉八成，晚上周边没路灯也很危险，最好装回监控，望相关部门跟进处理。',
             '\r\n      ',
             '\r\n      ',
             '\r\n        '],
 'content_img': [],
 'href': 'http://wz.sun0769.com/html/question/201910/432167.shtml',
 'publish_date': None,
 'title': '十字路口安全'}
2019-10-16 23:25:06 [yangguang.spiders.yg] WARNING: {'content': ['\xa0\xa0\xa0\xa0'
             '环卫部门是处理垃圾的，为什么万江上甲社区环卫部门却多次焚烧垃圾，地点就在上甲兴华燃气供应站旁围闭的树丛中，不是一般的垃圾，附近笼罩着烧胶的味道。上甲社区此前曾多次公然在环卫所办公室门品焚燃各种大型垃圾（此前在镇街的阳光热线投诉过，编号:225721，却是草草回复）。',
             '\xa0\xa0\xa0\xa0',
             '\xa0\xa0\xa0\xa0'
             '现在却又偷偷在其围闭的草丛中焚烧，现在秋高气爽，一经焚烧气味难以散去，难闻至极，附近是兴华燃气站，存在极大安全隐患，希望相关部门能处理此问题。',
             '\r\n      ',
             '\r\n      ',
             '\r\n        '],
 'content_img': [],
 'href': 'http://wz.sun0769.com/html/question/201910/432175.shtml',
 'publish_date': None,
 'title': '万江上甲社区焚烧垃圾“死灰“复”燃”影响周边居民'}
2019-10-16 23:25:06 [yangguang.spiders.yg] WARNING: {'content': ['\xa0\xa0\xa0\xa0'
             '各位领导好，虎门镇南栅西头别墅四小区三巷12号旁边的施工工地严重影响村民生活！多次向社区反映无果，希望各相关单位负责人尽快处理一下！',
             '\r\n      ',
             '\r\n      ',
             '\r\n        '],
 'content_img': [],
 'href': 'http://wz.sun0769.com/html/question/201910/432172.shtml',
 'publish_date': None,
 'title': '南栅西头别墅四小区三巷12号旁边的施工工地严重影响村民生活！'}
2019-10-16 23:25:06 [yangguang.spiders.yg] WARNING: {'content': ['\xa0\xa0\xa0\xa0'
             '我9月30日在东莞阳光网进行过一次投诉（详见编号：227943），内容是：我家位于长安厦岗社区同心路二巷2号的中国移动宽带光纤，于9月26日被第三方刮断，多次保障、投诉，中国移动多次承若24小时处理、72小时回复，但没有兑现服务承若；中国移动接听话务员多次中途刮断我的电话。对中国移动的服务态度傲慢，我严重不满。',
             '\xa0\xa0\xa0\xa0'
             '今日收到东莞阳光网回复，说中国移动已经回复了：“您所反映宽带故障的问题，经我司装维人员现场核实，由于原线路横跨马路，现已被村委整治剪线，无路由修复，建议客户取消宽带，期间给您造成不便我司表示歉意。”我从9月26日第一次保障至今21天时间，中国移动只有一个师傅于10月4日联系过我（电话还没说到内容，就被师傅刮断了），这21天期间中国移动有无到过现场查证，我不清楚。我只知道，我那条网线从路由器接到我家，没有经过马路！也没有被村委会整治剪线一说！我家邻居还在正常使用该路由器，唯独我就不能使用？这完完全全就是中国移动对我本人的打击报复行为！因为我多次投诉中国移动工作人员的服务态度，他们把我列入了黑名单！中国移动服务傲慢、欺行霸市行为，市经信部门、市场监管部门应该查实一下。',
             '\xa0\xa0\xa0\xa0'
             '我已经3次向广东省部门进行投诉，投诉编号：SSHZ2019093011340、SSHZ2019100811409、SSHZ2019101111569，我的诉求是通网，如果这个月20前还没得到合理的处理，我将向更高级别的机关进行投诉。',
             '\r\n      ',
             '\r\n      ',
             '\r\n        '],
 'content_img': [],
 'href': 'http://wz.sun0769.com/html/question/201910/432174.shtml',
 'publish_date': None,
 'title': '中国移动服务傲慢'}
2019-10-16 23:25:06 [yangguang.spiders.yg] WARNING: {'content': ['\xa0\xa0\xa0\xa0', '\r\n      ', '\r\n      ', '\r\n        '],
 'content_img': ['http://wz.sun0769.com/uploads/attached/2019/10/cad4dec8f94e227452d56bb7aca6c45e.jpg'],
 'href': 'http://wz.sun0769.com/html/question/201910/432179.shtml',
 'publish_date': None,
 'title': '东莞理工学院城市学院校内快递收发处乱收费举报！'}
2019-10-16 23:25:06 [yangguang.spiders.yg] WARNING: {'content': ['\xa0\xa0\xa0\xa0'
             '本人2017年7月份在东莞黄江华安商住小区（又名“华安珑廷”）签订合同购买了一套97平的小三房，按合同于2019年3月3号交精装修房子，但是迟迟未交付精装修房子，当天也去楼盘找开发商给个明确的说法，但开发商迟迟未露面，开发商发书面信息拖延到2019年9月30日交付，但现已过二次交付日期，开发商毫无动静，买房已经掏空积蓄，期待的是早日期住入自购的房子，现在不但每月还银行大额的购房贷款，还要付外租房租，我们已经没有任何办法了，请求相关政府机构介入调查清楚，给我们明确的答复，因此强烈诉求诉求如下：',
             '\xa0\xa0\xa0\xa01、敦促开发商明确交付时间。',
             '\xa0\xa0\xa0\xa02、本月实行按购房合同进行违约赔偿，已经违约的一次性补齐，后续违约按月赔偿。',
             '\xa0\xa0\xa0\xa03、本月补偿违约期的租房租金，已经违约的日期一次性补齐，后续违约按月赔偿。 ',
             '\xa0\xa0\xa0\xa0',
             '\r\n      ',
             '\r\n      ',
             '\r\n        '],
 'content_img': [],
 'href': 'http://wz.sun0769.com/html/question/201910/432177.shtml',
 'publish_date': None,
 'title': '东莞黄江华安商住小区逾期已半年多未交房也未付具体的赔偿，从未..'}
2019-10-16 23:25:06 [yangguang.spiders.yg] WARNING: {'content': ['\xa0\xa0\xa0\xa0'
             '2019年10月16日，中午12点50分左右，一辆19路在东泰花园西站经过，之后再等下一班，足足等了1个小时才到，在下午1点50分的时候，才看见一辆19路到东泰花园西站，请问这一个小时车辆发生了什么事情？让市民话费1个小时去等公交是不是有点过分？都说政府在推行便民服务，请问今天这个事情是否做到了便民？1个乘客浪费1小时，那么多个乘客要浪费多少小时？请给一个合理解释我，谢谢！',
             '\r\n      ',
             '\r\n      ',
             '\r\n        '],
 'content_img': [],
 'href': 'http://wz.sun0769.com/html/question/201910/432180.shtml',
 'publish_date': None,
 'title': '19路开往余屋的车等了1个钟才到'}
2019-10-16 23:26:13 [yangguang.spiders.yg] WARNING: {'content': ['\xa0\xa0\xa0\xa0', '\r\n      ', '\r\n      ', '\r\n        '],
 'content_img': ['http://wz.sun0769.com/uploads/attached/2019/10/27db774a884adcbb0b7cb3c5af6646f5.jpg'],
 'href': 'http://wz.sun0769.com/html/question/201910/432195.shtml',
 'publish_date': None,
 'title': '华讯大宅后面堆放建筑材料'}
2019-10-16 23:26:13 [yangguang.spiders.yg] WARNING: {'content': ['\xa0\xa0\xa0\xa0'
             '位于常平镇土塘村塘东路五巷1号，狗吠干扰市民问题，并没有完善结果，既然有关部门己知晓情况（回复称狗主人不经常在家，何来尽量管理被狗吠干扰市民的正常生活呢，）：狗日夜不定时的发出吠吼叫声来干扰市民，难道不懂什么叫不定时的概念吗？。难道要放纵狗主人的不文明养吠和无知去干扰市民的正常生活吗，难道就没有治安管理条法吗，个人的自私养犬行为却影响一大片、大人无法休息、小孩的学习也大大的受影响，难道这些不重要吗？还是某些…无能？纵容？',
             '\r\n      ',
             '\r\n      ',
             '\xa0\xa0\xa0\xa0',
             '\r\n      ',
             '\r\n      ',
             '\r\n        '],
 'content_img': [],
 'href': 'http://wz.sun0769.com/html/question/201910/432194.shtml',
 'publish_date': None,
 'title': '狗吠干扰'}
2019-10-16 23:26:13 [yangguang.spiders.yg] WARNING: {'content': ['\xa0\xa0\xa0\xa0', '\r\n      ', '\r\n      ', '\r\n        '],
 'content_img': ['http://wz.sun0769.com/uploads/attached/2019/10/4d9698e2b5a995420fa82297a423318c.png'],
 'href': 'http://wz.sun0769.com/html/question/201910/432204.shtml',
 'publish_date': None,
 'title': '东莞苏轼广博检测拖欠离职人员工资'}
2019-10-16 23:26:13 [yangguang.spiders.yg] WARNING: {'content': ['\xa0\xa0\xa0\xa0', '\r\n      ', '\r\n      ', '\r\n        '],
 'content_img': ['http://wz.sun0769.com/uploads/attached/2019/10/453b1c32a9738f848e90ef14f9e8906a.PNG'],
 'href': 'http://wz.sun0769.com/html/question/201910/432208.shtml',
 'publish_date': None,
 'title': '东坑海伦堡松湖湾2个自然日内拒绝退还定金'}
2019-10-16 23:26:13 [yangguang.spiders.yg] WARNING: {'content': ['\xa0\xa0\xa0\xa0'
             '本人于2017年7月在东莞市黄江镇购买的《华安商住小区》（又名“华安珑廷”）一栋一套商品房，交付日期为2019年3月3日，经多方催促（住建局等），开发商发材料信息拖延到2019年9月30日交付，但现已过二次交付日期，开发商毫无动静，买房已经掏空积蓄，期待的是早日期住入自购的房子，现在不但每月还银行大额的购房贷款，还要付外租房租，因此强烈诉求：',
             '\xa0\xa0\xa0\xa01、敦促开发商明确交付时间。',
             '\xa0\xa0\xa0\xa02、本月实行按购房合同进行违约赔偿，已经违约的一次性补齐，后续违约按月赔偿。',
             '\xa0\xa0\xa0\xa03、本月补偿违约期的租房租金，已经违约的日期一次性补齐，后续违约按月赔偿。   ',
             '\r\n      ',
             '\r\n      ',
             '\r\n        '],
 'content_img': [],
 'href': 'http://wz.sun0769.com/html/question/201910/432202.shtml',
 'publish_date': None,
 'title': '东莞市黄江镇长江路华安商住小区逾期半年多未交房，亟待交房和按..'}
2019-10-16 23:26:13 [yangguang.spiders.yg] WARNING: {'content': ['\xa0\xa0\xa0\xa0'
             '茶山上元村东园路臭水沟发出刺鼻恶臭，十几年毫无改善，每天发出刺鼻恶臭，蚊虫滋生，容易引发登革热等传染疾病，严重影响居住的身体健康安全，生活带来重大的不便。这条臭水沟陆陆续续十几年来都没有得到任何的改善，一到夏天就发出刺鼻恶臭，蚊虫非常多，一下暴雨就堵塞，整条马路也深受影响，希望市有关部门能够查清污染源头，是否有存在未经过处理的污染，也请相关部门能够制定方案解决这条臭水沟的问题！还村民一个美好绿化环境！打造美丽茶山！',
             '\r\n      ',
             '\r\n      ',
             '\r\n        '],
 'content_img': [],
 'href': 'http://wz.sun0769.com/html/question/201910/432198.shtml',
 'publish_date': None,
 'title': '关于茶山上元东园路臭水沟'}
2019-10-16 23:26:13 [yangguang.spiders.yg] WARNING: {'content': ['\xa0\xa0\xa0\xa0', '\r\n      ', '\r\n      ', '\r\n        '],
 'content_img': ['http://wz.sun0769.com/uploads/attached/2019/10/56cc792a727ede9e05ad921a16d6625e.jpg'],
 'href': 'http://wz.sun0769.com/html/question/201910/432205.shtml',
 'publish_date': None,
 'title': '虎门梅沙小学周边道路杂草丛生建筑垃圾乱倒问题'}
2019-10-16 23:26:13 [yangguang.spiders.yg] WARNING: {'content': ['\xa0\xa0\xa0\xa0', '\r\n      ', '\r\n      ', '\r\n        '],
 'content_img': ['http://wz.sun0769.com/uploads/attached/2019/10/cad4dec8f94e227452d56bb7aca6c45e.jpg'],
 'href': 'http://wz.sun0769.com/html/question/201910/432179.shtml',
 'publish_date': None,
 'title': '东莞理工学院城市学院校内快递收发处乱收费举报！'}
2019-10-16 23:26:13 [yangguang.spiders.yg] WARNING: {'content': ['\xa0\xa0\xa0\xa0'
             '本人于2017年在东莞市黄江镇购买的《华安商住小区》（又名“华安珑廷”）一套商品房，交付日期为2019年3月3日，经多方催促（住建局等），开发商发材料信息拖延到2019年9月30日交付，但现已过二次交付日期，开发商毫无动静，买房已经掏空积蓄，期待的是早日期住入自购的房子，现在不但每月还银行大额的购房贷款，还要付外租房租，因此强烈诉求：',
             '\xa0\xa0\xa0\xa01、敦促开发商明确交付时间。',
             '\xa0\xa0\xa0\xa02、本月实行按购房合同进行违约赔偿，已经违约的一次性补齐，后续违约按月赔偿。',
             '\xa0\xa0\xa0\xa03、本月补偿违约期的租房租金，已经违约的日期一次性补齐，后续违约按月赔偿。        ',
             '\r\n      ',
             '\r\n      ',
             '\r\n        '],
 'content_img': [],
 'href': 'http://wz.sun0769.com/html/question/201910/432181.shtml',
 'publish_date': None,
 'title': '东莞市黄江镇长江路华安商住小区逾期半年多未交房，亟待交房和按..'}
2019-10-16 23:26:13 [yangguang.spiders.yg] WARNING: {'content': ['\xa0\xa0\xa0\xa0'
             '2019年10月16日，中午12点50分左右，一辆19路在东泰花园西站经过，之后再等下一班，足足等了1个小时才到，在下午1点50分的时候，才看见一辆19路到东泰花园西站，请问这一个小时车辆发生了什么事情？让市民话费1个小时去等公交是不是有点过分？都说政府在推行便民服务，请问今天这个事情是否做到了便民？1个乘客浪费1小时，那么多个乘客要浪费多少小时？请给一个合理解释我，谢谢！',
             '\r\n      ',
             '\r\n      ',
             '\r\n        '],
 'content_img': [],
 'href': 'http://wz.sun0769.com/html/question/201910/432180.shtml',
 'publish_date': None,
 'title': '19路开往余屋的车等了1个钟才到'}
2019-10-16 23:26:13 [yangguang.spiders.yg] WARNING: {'content': ['\xa0\xa0\xa0\xa0东城岭南园林公园后面的两个篮球场，一个球场的灯光损坏不亮，建议进行修复。',
             '\r\n      ',
             '\r\n      ',
             '\r\n        '],
 'content_img': [],
 'href': 'http://wz.sun0769.com/html/question/201910/432184.shtml',
 'publish_date': None,
 'title': '东城岭南园林公园后面的两个篮球场，一个球场的灯光损坏不亮，建..'}
2019-10-16 23:26:13 [yangguang.spiders.yg] WARNING: {'content': ['\xa0\xa0\xa0\xa0'
             '裕光产业园的健身中心9号楼下面，每晚十点后搬运，除了工人吆喝声，大卡车噪音非常扰民，而且常常持续到半夜1、2点，裕光作为物管公司，完全不劝喻，裕光停车场也不阻止，噪音扰民已经维持几个月了，附近满满的居民楼，裕光公司和产业园里进驻的公司完全不理会，裕光产业园也经常一早6点多开工搞建筑，简直扰人清梦，要求重视这种问题，赶工或者日常营业需要都要合法合规',
             '\r\n      ',
             '\r\n      ',
             '\r\n        '],
 'content_img': [],
 'href': 'http://wz.sun0769.com/html/question/201910/432185.shtml',
 'publish_date': None,
 'title': '东莞市东城堑头裕光外贸产业园噪音严重'}
2019-10-16 23:26:13 [yangguang.spiders.yg] WARNING: {'content': ['\xa0\xa0\xa0\xa0打81313312望牛墩分局电话，天天打天天无人接听，是不是望牛墩分局电话换了还是怎么了。',
             '\r\n      ',
             '\r\n      ',
             '\r\n        '],
 'content_img': [],
 'href': 'http://wz.sun0769.com/html/question/201910/432188.shtml',
 'publish_date': None,
 'title': '东莞市工商局望牛墩分局电话长期无人接听'}
2019-10-16 23:26:13 [yangguang.spiders.yg] WARNING: {'content': ['\xa0\xa0\xa0\xa0'
             '寮步镇华衍学校对离职教师教师拒发2018-2019第二学期绩效工资，严重侵害我们教师的自身利益，该绩效工资是从教师每个月的工资里扣除一部分，总共4个半月共2700元绩效工资，我已按照学校要求完成该学期所有工作，绩效工资本是我工资一部分，学校无权扣除，已经交涉几次，华衍学校不给答复，有关部门提供援助，如果不行要寻求法律保护和媒体曝光。',
             '\r\n      ',
             '\r\n      ',
             '\r\n        '],
 'content_img': [],
 'href': 'http://wz.sun0769.com/html/question/201910/432190.shtml',
 'publish_date': None,
 'title': '东莞市寮步镇华衍学校对离职教师拒绩效工资'}
2019-10-16 23:26:13 [yangguang.spiders.yg] WARNING: {'content': ['\xa0\xa0\xa0\xa0'
             '本人购买了沙田滨海明珠（雍景御品花园）一套房，原服务的置业顾问一直在上班并没有辞职，现在无书面通知并且没有征求本人意见情况下随意更换原有的置业顾问，导致本人很多不便！楼盘可随意的对业主个人资料信息随意支配给销售人员？这样我们业主信息泄漏时，需要追究那位责任？希望相关负责部门进行核查其违规情况',
             '\r\n      ',
             '\r\n      ',
             '\r\n        '],
 'content_img': [],
 'href': 'http://wz.sun0769.com/html/question/201910/432147.shtml',
 'publish_date': None,
 'title': '投诉沙田滨海明珠（雍景御品花园）泄漏业主个人信息，随意更换置..'}
2019-10-16 23:26:13 [yangguang.spiders.yg] WARNING: {'content': ['\xa0\xa0\xa0\xa0'
             '你好，各位领导！我是上东国际业主，近两个月以来，楼下的施工方不分昼夜施工，给我们生活带来严重影响，孩子刚上小学，被严重噪音吵到无法睡觉，白天打瞌睡，被老师投诉，想问问有关部门负责人什么时候可以还我们孩子正常生活，跪谢各位！',
             '\r\n      ',
             '\r\n      ',
             '\r\n        '],
 'content_img': [],
 'href': 'http://wz.sun0769.com/html/question/201910/432140.shtml',
 'publish_date': None,
 'title': '噪音扰民'}
2019-10-16 23:26:13 [yangguang.spiders.yg] WARNING: {'content': ['\xa0\xa0\xa0\xa0'
             '东莞市陈屋东路一年前开始挖城市排污官网后路面坑坑洼洼一直未回复，车辆走在上面摇摇晃晃的缓慢行驶。特别是下雨天更无法通行，影响行车安全。往有关部门管一下，尽快恢复路面平整安全通行。',
             '\r\n      ',
             '\r\n      ',
             '\xa0\xa0\xa0\xa0',
             '\n',
             '\n',
             '\n',
             '\n',
             '\n',
             '\n',
             '\r\n      ',
             '\r\n      ',
             '\r\n        '],
 'content_img': [],
 'href': 'http://wz.sun0769.com/html/question/201910/432144.shtml',
 'publish_date': None,
 'title': '东莞厚街陈屋东路破烂不堪，无法通行'}
2019-10-16 23:26:13 [yangguang.spiders.yg] WARNING: {'content': ['\xa0\xa0\xa0\xa0大约2019年8月23日，松山湖征地补偿款已经到齐。',
             '\xa0\xa0\xa0\xa0'
             '村委会没有立即出多种方案让村民投票，发扬民主精神。村委会只是出了两种方案方案进行摸底调查，拖延不少时间。',
             '\xa0\xa0\xa0\xa0'
             '摸底后村委会发现大部分村民不愿意选择第二种方案，又出了一个第二方案的情况说明，再一次拖延时间。村委会的意图很明显，他们的目的就是要大部分村民都选第二个方案，他们才满意。因为第二种方案，单单手续报备就要两年，这两年内资金的流向很难监督，很难不让人怀疑村委的心思。',
             '\xa0\xa0\xa0\xa0到现在过了约两个月，还没有进行任何正式方案投票。希望有关部分能够彻查。',
             '\r\n      ',
             '\r\n      ',
             '\r\n        '],
 'content_img': [],
 'href': 'http://wz.sun0769.com/html/question/201910/432142.shtml',
 'publish_date': None,
 'title': '企石镇博夏村委会办事效率太慢'}
2019-10-16 23:26:13 [yangguang.spiders.yg] WARNING: {'content': ['\xa0\xa0\xa0\xa0'
             '请教一下工信局相关部门领导同志，中国移动公司在为用户办理相关业务时，是否需要用户本人申请或同意才办理呢？',
             '\xa0\xa0\xa0\xa0    '
             '现汇报一下本人遇到的问题吧，本人于2016年7月在中国移动营业厅实名登记办理了一张号码卡，用至今未停机、未来欠移动公司的费用，可就在上月28日、29日陆陆续收到短信，内容为“你已成功开通短号家庭网，你的…，……，所有成员包月费用由你支付。）（欢迎使用……，月功能费5元/月…），又是（你已将138………设为家庭成员……）等等一系列的短信，但自始至终，我从来没有回复过任何信息，我想请问一下，这是谁有这个能力为我开通这个业务？而且添加的号码我是不认识的人…。那么还想再问一下各位领导，目前我已经知道为我开通这项业务，那么还为我、为其他的用户开通了多少不知情的收费业务？当然目前只是我身上发现的第二次事件，第一次联系客服已处理，但是……，你们也站在一个普通消费者想一下吧',
             '\r\n      ',
             '\r\n      ',
             '\r\n        '],
 'content_img': [],
 'href': 'http://wz.sun0769.com/html/question/201910/432149.shtml',
 'publish_date': None,
 'title': '移动公司私自办理开通业务'}
2019-10-16 23:26:13 [yangguang.spiders.yg] WARNING: {'content': ['\xa0\xa0\xa0\xa0'
             '本人于2017年8月在东莞市黄江镇长江路购买的《华安商住小区》（又名“华安珑廷”）一栋1704号商品房，交付日期为2019年3月3日，经多方催促（住建局等），开发商发材料信息拖延到2019年9月30日交付，但现已过二次交付日期，开发商毫无动静，买房已经掏空积蓄，期待的是早日期住入自购的房子，现在不但每月还银行大额的购房贷款，还要付外租房租，因此强烈诉求：',
             '\xa0\xa0\xa0\xa01、敦促开发商明确交付时间。',
             '\xa0\xa0\xa0\xa02、本月实行按购房合同进行违约赔偿，已经违约的一次性补齐，后续违约按月赔偿。',
             '\xa0\xa0\xa0\xa03、本月补偿违约期的租房租金，已经违约的日期一次性补齐，后续违约按月赔偿。',
             '\xa0\xa0\xa0\xa0亟待政府相关部门协助解决，盼复。',
             '\r\n      ',
             '\r\n      ',
             '\r\n        '],
 'content_img': [],
 'href': 'http://wz.sun0769.com/html/question/201910/432162.shtml',
 'publish_date': None,
 'title': '东莞市黄江镇华安商住小区期房逾期半年以上未交楼，也无讯息，要..'}
2019-10-16 23:26:13 [yangguang.spiders.yg] WARNING: {'content': ['\xa0\xa0\xa0\xa0'
             '东莞移动网络不通10天、电话申请维修十几次仍不安排修理，无奈等！东莞移动发生什么事了？望帮忙解决.（东莞市横沥镇水边综合市场）',
             '\r\n      ',
             '\r\n      ',
             '\r\n        '],
 'content_img': [],
 'href': 'http://wz.sun0769.com/html/question/201910/432156.shtml',
 'publish_date': None,
 'title': '东莞移动网络不通10天、电话申请维修十几次仍不安排修理（东莞..'}
2019-10-16 23:26:13 [yangguang.spiders.yg] WARNING: {'content': ['\xa0\xa0\xa0\xa0'
             '黄江华安珑珽对我们业主说是3月3号交房，已经拖延半年，开发商也没有给我们赔偿，也没有给具体的交房日期；希望有关部门能协助解决，谢谢',
             '\r\n      ',
             '\r\n      ',
             '\r\n        '],
 'content_img': [],
 'href': 'http://wz.sun0769.com/html/question/201910/432157.shtml',
 'publish_date': None,
 'title': '黄江华安珑珽延迟交房'}
2019-10-16 23:26:13 [yangguang.spiders.yg] WARNING: {'content': ['\xa0\xa0\xa0\xa0'
             '万江信访办按照万江坝新社区根据上东业主委员会及碧桂园物业提供的资料，对本人于2019年9月29日的投诉作了回复，对于上东业主委员会及碧桂园物业公司忽悠业主及政府的行为，极为不满！！再次投诉！！',
             '\xa0\xa0\xa0\xa0'
             '上东业主委员会从来没有将与碧桂园物业签订后的正式物业合同对业主公示，曾经公示的所谓“合同”只是征求意见稿，具体合同条款，各项收费明细均不得而知，碧桂园物业的有偿服务价格高得离谱，使业主与政府根本无法对物业管理进行监督！',
             '\xa0\xa0\xa0\xa0'
             '业主委员会组织选聘物业，对业主宣传作出的小区各种改善、维修、更新设施承诺无一落实！唯一落实的是涨了物业费！！业主普遍感受被欺骗！！',
             '\xa0\xa0\xa0\xa0'
             '公共收益不单只是有停车费，还包括业主委员会对业主宣传的小区广告费，电梯广告费，广场摆摊费等！当时业主委员会宣传时，保证每月公示，接受业主监督，现在已过去快三个月了，公示在哪里了？谁监督公共收益的去向？',
             '\xa0\xa0\xa0\xa0我们大部分业主根本没有收到缴费通知，就产生所谓“滞纳金”，水电费根本没抄表，业主无法核对！！',
             '\xa0\xa0\xa0\xa0'
             '既然停车场道闸系统不完善，又没有发票，怎么可以收费？收费标准是什么？收到的钱去那里了？小区地下停车位都是在开发商那直接办理月租，据了解，开发商根本就没有授权碧桂园物业收取地下车库的临时停车收费，碧桂园物业凭什么乱收费？？？',
             '\xa0\xa0\xa0\xa0'
             '以前物业打扫卫生早晚各一次，现在大幅涨了物业费，反倒降低卫生打扫频次，卫生都搞不好，反过来还将责任推给业主？？天底下还有这样的道理？',
             '\xa0\xa0\xa0\xa0请政府仔细核查！！不再受上东业主委员会和碧桂园物业公司的忽悠！！',
             '\r\n      ',
             '\r\n      ',
             '\r\n        '],
 'content_img': [],
 'href': 'http://wz.sun0769.com/html/question/201910/432165.shtml',
 'publish_date': None,
 'title': '再次投诉上东业主委员会和碧桂园物业公司'}
2019-10-16 23:26:13 [yangguang.spiders.yg] WARNING: {'content': ['\xa0\xa0\xa0\xa0'
             '常平苏坑村苏坑一路与钓鱼场的十字路口处事故频繁，一月有几单。以前有减速带但日久失修已掉八成，晚上周边没路灯也很危险，最好装回监控，望相关部门跟进处理。',
             '\r\n      ',
             '\r\n      ',
             '\r\n        '],
 'content_img': [],
 'href': 'http://wz.sun0769.com/html/question/201910/432167.shtml',
 'publish_date': None,
 'title': '十字路口安全'}
2019-10-16 23:26:13 [yangguang.spiders.yg] WARNING: {'content': ['\xa0\xa0\xa0\xa0'
             '松山湖兰馨园旁边施工工地经常通宵施工，要么就是施工到深夜一、两点，施工声音非常的大，严重影响周边住户的休息睡眠，多次投诉都没有进展，希望能尽快处理。',
             '\r\n      ',
             '\r\n      ',
             '\r\n        '],
 'content_img': [],
 'href': 'http://wz.sun0769.com/html/question/201910/432169.shtml',
 'publish_date': None,
 'title': '松山湖兰馨园旁边施工工地扰民问题'}
2019-10-16 23:26:13 [yangguang.spiders.yg] WARNING: {'content': ['\xa0\xa0\xa0\xa0'
             '各位领导好，虎门镇南栅西头别墅四小区三巷12号旁边的施工工地严重影响村民生活！多次向社区反映无果，希望各相关单位负责人尽快处理一下！',
             '\r\n      ',
             '\r\n      ',
             '\r\n        '],
 'content_img': [],
 'href': 'http://wz.sun0769.com/html/question/201910/432172.shtml',
 'publish_date': None,
 'title': '南栅西头别墅四小区三巷12号旁边的施工工地严重影响村民生活！'}
2019-10-16 23:26:13 [yangguang.spiders.yg] WARNING: {'content': ['\xa0\xa0\xa0\xa0'
             '我9月30日在东莞阳光网进行过一次投诉（详见编号：227943），内容是：我家位于长安厦岗社区同心路二巷2号的中国移动宽带光纤，于9月26日被第三方刮断，多次保障、投诉，中国移动多次承若24小时处理、72小时回复，但没有兑现服务承若；中国移动接听话务员多次中途刮断我的电话。对中国移动的服务态度傲慢，我严重不满。',
             '\xa0\xa0\xa0\xa0'
             '今日收到东莞阳光网回复，说中国移动已经回复了：“您所反映宽带故障的问题，经我司装维人员现场核实，由于原线路横跨马路，现已被村委整治剪线，无路由修复，建议客户取消宽带，期间给您造成不便我司表示歉意。”我从9月26日第一次保障至今21天时间，中国移动只有一个师傅于10月4日联系过我（电话还没说到内容，就被师傅刮断了），这21天期间中国移动有无到过现场查证，我不清楚。我只知道，我那条网线从路由器接到我家，没有经过马路！也没有被村委会整治剪线一说！我家邻居还在正常使用该路由器，唯独我就不能使用？这完完全全就是中国移动对我本人的打击报复行为！因为我多次投诉中国移动工作人员的服务态度，他们把我列入了黑名单！中国移动服务傲慢、欺行霸市行为，市经信部门、市场监管部门应该查实一下。',
             '\xa0\xa0\xa0\xa0'
             '我已经3次向广东省部门进行投诉，投诉编号：SSHZ2019093011340、SSHZ2019100811409、SSHZ2019101111569，我的诉求是通网，如果这个月20前还没得到合理的处理，我将向更高级别的机关进行投诉。',
             '\r\n      ',
             '\r\n      ',
             '\r\n        '],
 'content_img': [],
 'href': 'http://wz.sun0769.com/html/question/201910/432174.shtml',
 'publish_date': None,
 'title': '中国移动服务傲慢'}
2019-10-16 23:26:13 [yangguang.spiders.yg] WARNING: {'content': ['\xa0\xa0\xa0\xa0'
             '环卫部门是处理垃圾的，为什么万江上甲社区环卫部门却多次焚烧垃圾，地点就在上甲兴华燃气供应站旁围闭的树丛中，不是一般的垃圾，附近笼罩着烧胶的味道。上甲社区此前曾多次公然在环卫所办公室门品焚燃各种大型垃圾（此前在镇街的阳光热线投诉过，编号:225721，却是草草回复）。',
             '\xa0\xa0\xa0\xa0',
             '\xa0\xa0\xa0\xa0'
             '现在却又偷偷在其围闭的草丛中焚烧，现在秋高气爽，一经焚烧气味难以散去，难闻至极，附近是兴华燃气站，存在极大安全隐患，希望相关部门能处理此问题。',
             '\r\n      ',
             '\r\n      ',
             '\r\n        '],
 'content_img': [],
 'href': 'http://wz.sun0769.com/html/question/201910/432175.shtml',
 'publish_date': None,
 'title': '万江上甲社区焚烧垃圾“死灰“复”燃”影响周边居民'}
2019-10-16 23:26:13 [yangguang.spiders.yg] WARNING: {'content': ['\xa0\xa0\xa0\xa0'
             '本人2017年7月份在东莞黄江华安商住小区（又名“华安珑廷”）签订合同购买了一套97平的小三房，按合同于2019年3月3号交精装修房子，但是迟迟未交付精装修房子，当天也去楼盘找开发商给个明确的说法，但开发商迟迟未露面，开发商发书面信息拖延到2019年9月30日交付，但现已过二次交付日期，开发商毫无动静，买房已经掏空积蓄，期待的是早日期住入自购的房子，现在不但每月还银行大额的购房贷款，还要付外租房租，我们已经没有任何办法了，请求相关政府机构介入调查清楚，给我们明确的答复，因此强烈诉求诉求如下：',
             '\xa0\xa0\xa0\xa01、敦促开发商明确交付时间。',
             '\xa0\xa0\xa0\xa02、本月实行按购房合同进行违约赔偿，已经违约的一次性补齐，后续违约按月赔偿。',
             '\xa0\xa0\xa0\xa03、本月补偿违约期的租房租金，已经违约的日期一次性补齐，后续违约按月赔偿。 ',
             '\xa0\xa0\xa0\xa0',
             '\r\n      ',
             '\r\n      ',
             '\r\n        '],
 'content_img': [],
 'href': 'http://wz.sun0769.com/html/question/201910/432177.shtml',
 'publish_date': None,
 'title': '东莞黄江华安商住小区逾期已半年多未交房也未付具体的赔偿，从未..'}
2019-10-16 23:26:14 [yangguang.spiders.yg] WARNING: {'content': ['\xa0\xa0\xa0\xa0反应移动信号不好',
             '\xa0\xa0\xa0\xa0     ',
             '\xa0\xa0\xa0\xa0     移动客服09285 回复如下：',
             '\xa0\xa0\xa0\xa0     ',
             '\xa0\xa0\xa0\xa0     '
             '1.移动就是不解决信号问题，而且建议消费者，改用别的运营商的服务，或则降低使用的套餐，以减少开销',
             '\xa0\xa0\xa0\xa0     ',
             '\xa0\xa0\xa0\xa0     mark: 你们是移动是不是不要消费者，这个是你们移动客服服务态度，如此的傲慢',
             '\xa0\xa0\xa0\xa0',
             '\xa0\xa0\xa0\xa0   难道你们客服都是叫消费者不要用你们移动的服务',
             '\xa0\xa0\xa0\xa0     ',
             '\xa0\xa0\xa0\xa0     2.说什么电话具有移动性，可以移动到信号好的地方 的去接听电话，',
             '\xa0\xa0\xa0\xa0    ',
             '\xa0\xa0\xa0\xa0    明明知道这个地方信号不，还说什么电话具有移动性，这个是赤裸裸的挑衅行为。',
             '\xa0\xa0\xa0\xa0     ',
             '\xa0\xa0\xa0\xa0     Mark: 是不是晚上在家接电话，信号不好，是不是也得移动，跑到1公里以外地方接电话',
             '\xa0\xa0\xa0\xa0     ',
             '\xa0\xa0\xa0\xa0     这个是什么服务态度，',
             '\xa0\xa0\xa0\xa0     ',
             '\xa0\xa0\xa0\xa0     '
             '你们这个移动客户态度竟然如此的傲慢，是谁给你的权力，是移动吗？还是你们移动的服务态度本来就如此恶劣。',
             '\xa0\xa0\xa0\xa0     ',
             '\xa0\xa0\xa0\xa0     强烈要求这个客服人员道歉！！！',
             '\xa0\xa0\xa0\xa0',
             '\xa0\xa0\xa0\xa0尊敬的客户： ',
             '\xa0\xa0\xa0\xa0您好！非常感谢阳光热线和这位客户对我公司的监督和支持。 ',
             '\xa0\xa0\xa0\xa0'
             '您所反映东莞市虎门镇怀德雅瑶工业区信号弱无法上网及对人员服务质量的的问题，经核实，该问题我司计划在投诉点规划建设微型信号放大器来改善信号问题，但客户不同意，故未安装。我司同时已有规划建设4G微小站点来改善附近信号，如果站点建设一切顺利，预计完成时间：3个月。待设备安装后投诉问题会得到改善，同时感谢王先生对我司客户服务工作的监督，我司会不断加强服务质量提升工作，争取日后能提供到更加优质量的服务，期间给您造成不便我司表示歉意。 ',
             '\xa0\xa0\xa0\xa0最后，再次感谢阳光热线和这位客户对我公司工作的监督与支持',
             '\xa0\xa0\xa0\xa0',
             '\xa0\xa0\xa0\xa0',
             '\xa0\xa0\xa0\xa0这个回复牛头不对马嘴，我又没有问信号的问题，你回复信号的问题干嘛',
             '\xa0\xa0\xa0\xa0',
             '\xa0\xa0\xa0\xa0投诉的是客服人员，要求客户不要用移动的电话套餐和解释电话具有什么移动性，你们扯什么信号问题吗？',
             '\xa0\xa0\xa0\xa0',
             '\xa0\xa0\xa0\xa0难道你们移动都是支持客服人员这么回复客户，认为他们这种回复是正确的？',
             '\xa0\xa0\xa0\xa0',
             '\xa0\xa0\xa0\xa0要求解释！！！！',
             '\xa0\xa0\xa0\xa0',
             '\xa0\xa0\xa0\xa0',
             '\r\n      ',
             '\r\n      ',
             '\r\n        '],
 'content_img': [],
 'href': 'http://wz.sun0769.com/html/question/201910/432210.shtml',
 'publish_date': None,
 'title': '投诉移动客服人员09285'}
2019-10-16 23:54:27 [yangguang.spiders.yg] WARNING: {'content': ['\xa0\xa0\xa0\xa0', '\r\n      ', '\r\n      ', '\r\n        '],
 'content_img': ['http://wz.sun0769.com/uploads/attached/2019/10/56cc792a727ede9e05ad921a16d6625e.jpg'],
 'href': 'http://wz.sun0769.com/html/question/201910/432205.shtml',
 'publish_date': '2019-10-16 17:10:35',
 'title': '虎门梅沙小学周边道路杂草丛生建筑垃圾乱倒问题'}
2019-10-16 23:54:27 [yangguang.spiders.yg] WARNING: {'content': ['\xa0\xa0\xa0\xa0反应移动信号不好',
             '\xa0\xa0\xa0\xa0     ',
             '\xa0\xa0\xa0\xa0     移动客服09285 回复如下：',
             '\xa0\xa0\xa0\xa0     ',
             '\xa0\xa0\xa0\xa0     '
             '1.移动就是不解决信号问题，而且建议消费者，改用别的运营商的服务，或则降低使用的套餐，以减少开销',
             '\xa0\xa0\xa0\xa0     ',
             '\xa0\xa0\xa0\xa0     mark: 你们是移动是不是不要消费者，这个是你们移动客服服务态度，如此的傲慢',
             '\xa0\xa0\xa0\xa0',
             '\xa0\xa0\xa0\xa0   难道你们客服都是叫消费者不要用你们移动的服务',
             '\xa0\xa0\xa0\xa0     ',
             '\xa0\xa0\xa0\xa0     2.说什么电话具有移动性，可以移动到信号好的地方 的去接听电话，',
             '\xa0\xa0\xa0\xa0    ',
             '\xa0\xa0\xa0\xa0    明明知道这个地方信号不，还说什么电话具有移动性，这个是赤裸裸的挑衅行为。',
             '\xa0\xa0\xa0\xa0     ',
             '\xa0\xa0\xa0\xa0     Mark: 是不是晚上在家接电话，信号不好，是不是也得移动，跑到1公里以外地方接电话',
             '\xa0\xa0\xa0\xa0     ',
             '\xa0\xa0\xa0\xa0     这个是什么服务态度，',
             '\xa0\xa0\xa0\xa0     ',
             '\xa0\xa0\xa0\xa0     '
             '你们这个移动客户态度竟然如此的傲慢，是谁给你的权力，是移动吗？还是你们移动的服务态度本来就如此恶劣。',
             '\xa0\xa0\xa0\xa0     ',
             '\xa0\xa0\xa0\xa0     强烈要求这个客服人员道歉！！！',
             '\xa0\xa0\xa0\xa0',
             '\xa0\xa0\xa0\xa0尊敬的客户： ',
             '\xa0\xa0\xa0\xa0您好！非常感谢阳光热线和这位客户对我公司的监督和支持。 ',
             '\xa0\xa0\xa0\xa0'
             '您所反映东莞市虎门镇怀德雅瑶工业区信号弱无法上网及对人员服务质量的的问题，经核实，该问题我司计划在投诉点规划建设微型信号放大器来改善信号问题，但客户不同意，故未安装。我司同时已有规划建设4G微小站点来改善附近信号，如果站点建设一切顺利，预计完成时间：3个月。待设备安装后投诉问题会得到改善，同时感谢王先生对我司客户服务工作的监督，我司会不断加强服务质量提升工作，争取日后能提供到更加优质量的服务，期间给您造成不便我司表示歉意。 ',
             '\xa0\xa0\xa0\xa0最后，再次感谢阳光热线和这位客户对我公司工作的监督与支持',
             '\xa0\xa0\xa0\xa0',
             '\xa0\xa0\xa0\xa0',
             '\xa0\xa0\xa0\xa0这个回复牛头不对马嘴，我又没有问信号的问题，你回复信号的问题干嘛',
             '\xa0\xa0\xa0\xa0',
             '\xa0\xa0\xa0\xa0投诉的是客服人员，要求客户不要用移动的电话套餐和解释电话具有什么移动性，你们扯什么信号问题吗？',
             '\xa0\xa0\xa0\xa0',
             '\xa0\xa0\xa0\xa0难道你们移动都是支持客服人员这么回复客户，认为他们这种回复是正确的？',
             '\xa0\xa0\xa0\xa0',
             '\xa0\xa0\xa0\xa0要求解释！！！！',
             '\xa0\xa0\xa0\xa0',
             '\xa0\xa0\xa0\xa0',
             '\r\n      ',
             '\r\n      ',
             '\r\n        '],
 'content_img': [],
 'href': 'http://wz.sun0769.com/html/question/201910/432210.shtml',
 'publish_date': '2019-10-16 17:12:44',
 'title': '投诉移动客服人员09285'}
2019-10-16 23:54:27 [yangguang.spiders.yg] WARNING: {'content': ['\xa0\xa0\xa0\xa0', '\r\n      ', '\r\n      ', '\r\n        '],
 'content_img': ['http://wz.sun0769.com/uploads/attached/2019/10/453b1c32a9738f848e90ef14f9e8906a.PNG'],
 'href': 'http://wz.sun0769.com/html/question/201910/432208.shtml',
 'publish_date': '2019-10-16 17:12:06',
 'title': '东坑海伦堡松湖湾2个自然日内拒绝退还定金'}
2019-10-16 23:54:27 [yangguang.spiders.yg] WARNING: {'content': ['\xa0\xa0\xa0\xa0'
             '本人于2017年在东莞市黄江镇购买的《华安商住小区》（又名“华安珑廷”）一套商品房，交付日期为2019年3月3日，经多方催促（住建局等），开发商发材料信息拖延到2019年9月30日交付，但现已过二次交付日期，开发商毫无动静，买房已经掏空积蓄，期待的是早日期住入自购的房子，现在不但每月还银行大额的购房贷款，还要付外租房租，因此强烈诉求：',
             '\xa0\xa0\xa0\xa01、敦促开发商明确交付时间。',
             '\xa0\xa0\xa0\xa02、本月实行按购房合同进行违约赔偿，已经违约的一次性补齐，后续违约按月赔偿。',
             '\xa0\xa0\xa0\xa03、本月补偿违约期的租房租金，已经违约的日期一次性补齐，后续违约按月赔偿。        ',
             '\r\n      ',
             '\r\n      ',
             '\r\n        '],
 'content_img': [],
 'href': 'http://wz.sun0769.com/html/question/201910/432181.shtml',
 'publish_date': '2019-10-16 14:37:38',
 'title': '东莞市黄江镇长江路华安商住小区逾期半年多未交房，亟待交房和按..'}
2019-10-16 23:54:27 [yangguang.spiders.yg] WARNING: {'content': ['\xa0\xa0\xa0\xa0'
             '本人2017年7月份在东莞黄江华安商住小区（又名“华安珑廷”）签订合同购买了一套97平的小三房，按合同于2019年3月3号交精装修房子，但是迟迟未交付精装修房子，当天也去楼盘找开发商给个明确的说法，但开发商迟迟未露面，开发商发书面信息拖延到2019年9月30日交付，但现已过二次交付日期，开发商毫无动静，买房已经掏空积蓄，期待的是早日期住入自购的房子，现在不但每月还银行大额的购房贷款，还要付外租房租，我们已经没有任何办法了，请求相关政府机构介入调查清楚，给我们明确的答复，因此强烈诉求诉求如下：',
             '\xa0\xa0\xa0\xa01、敦促开发商明确交付时间。',
             '\xa0\xa0\xa0\xa02、本月实行按购房合同进行违约赔偿，已经违约的一次性补齐，后续违约按月赔偿。',
             '\xa0\xa0\xa0\xa03、本月补偿违约期的租房租金，已经违约的日期一次性补齐，后续违约按月赔偿。 ',
             '\xa0\xa0\xa0\xa0',
             '\r\n      ',
             '\r\n      ',
             '\r\n        '],
 'content_img': [],
 'href': 'http://wz.sun0769.com/html/question/201910/432177.shtml',
 'publish_date': '2019-10-16 14:34:12',
 'title': '东莞黄江华安商住小区逾期已半年多未交房也未付具体的赔偿，从未..'}
2019-10-16 23:54:27 [yangguang.spiders.yg] WARNING: {'content': ['\xa0\xa0\xa0\xa0'
             '2019年10月16日，中午12点50分左右，一辆19路在东泰花园西站经过，之后再等下一班，足足等了1个小时才到，在下午1点50分的时候，才看见一辆19路到东泰花园西站，请问这一个小时车辆发生了什么事情？让市民话费1个小时去等公交是不是有点过分？都说政府在推行便民服务，请问今天这个事情是否做到了便民？1个乘客浪费1小时，那么多个乘客要浪费多少小时？请给一个合理解释我，谢谢！',
             '\r\n      ',
             '\r\n      ',
             '\r\n        '],
 'content_img': [],
 'href': 'http://wz.sun0769.com/html/question/201910/432180.shtml',
 'publish_date': '2019-10-16 14:36:46',
 'title': '19路开往余屋的车等了1个钟才到'}
2019-10-16 23:54:27 [yangguang.spiders.yg] WARNING: {'content': ['\xa0\xa0\xa0\xa0东城岭南园林公园后面的两个篮球场，一个球场的灯光损坏不亮，建议进行修复。',
             '\r\n      ',
             '\r\n      ',
             '\r\n        '],
 'content_img': [],
 'href': 'http://wz.sun0769.com/html/question/201910/432184.shtml',
 'publish_date': '2019-10-16 14:38:15',
 'title': '东城岭南园林公园后面的两个篮球场，一个球场的灯光损坏不亮，建..'}
2019-10-16 23:54:27 [yangguang.spiders.yg] WARNING: {'content': ['\xa0\xa0\xa0\xa0'
             '我9月30日在东莞阳光网进行过一次投诉（详见编号：227943），内容是：我家位于长安厦岗社区同心路二巷2号的中国移动宽带光纤，于9月26日被第三方刮断，多次保障、投诉，中国移动多次承若24小时处理、72小时回复，但没有兑现服务承若；中国移动接听话务员多次中途刮断我的电话。对中国移动的服务态度傲慢，我严重不满。',
             '\xa0\xa0\xa0\xa0'
             '今日收到东莞阳光网回复，说中国移动已经回复了：“您所反映宽带故障的问题，经我司装维人员现场核实，由于原线路横跨马路，现已被村委整治剪线，无路由修复，建议客户取消宽带，期间给您造成不便我司表示歉意。”我从9月26日第一次保障至今21天时间，中国移动只有一个师傅于10月4日联系过我（电话还没说到内容，就被师傅刮断了），这21天期间中国移动有无到过现场查证，我不清楚。我只知道，我那条网线从路由器接到我家，没有经过马路！也没有被村委会整治剪线一说！我家邻居还在正常使用该路由器，唯独我就不能使用？这完完全全就是中国移动对我本人的打击报复行为！因为我多次投诉中国移动工作人员的服务态度，他们把我列入了黑名单！中国移动服务傲慢、欺行霸市行为，市经信部门、市场监管部门应该查实一下。',
             '\xa0\xa0\xa0\xa0'
             '我已经3次向广东省部门进行投诉，投诉编号：SSHZ2019093011340、SSHZ2019100811409、SSHZ2019101111569，我的诉求是通网，如果这个月20前还没得到合理的处理，我将向更高级别的机关进行投诉。',
             '\r\n      ',
             '\r\n      ',
             '\r\n        '],
 'content_img': [],
 'href': 'http://wz.sun0769.com/html/question/201910/432174.shtml',
 'publish_date': '2019-10-16 14:30:29',
 'title': '中国移动服务傲慢'}
2019-10-16 23:54:27 [yangguang.spiders.yg] WARNING: {'content': ['\xa0\xa0\xa0\xa0'
             '环卫部门是处理垃圾的，为什么万江上甲社区环卫部门却多次焚烧垃圾，地点就在上甲兴华燃气供应站旁围闭的树丛中，不是一般的垃圾，附近笼罩着烧胶的味道。上甲社区此前曾多次公然在环卫所办公室门品焚燃各种大型垃圾（此前在镇街的阳光热线投诉过，编号:225721，却是草草回复）。',
             '\xa0\xa0\xa0\xa0',
             '\xa0\xa0\xa0\xa0'
             '现在却又偷偷在其围闭的草丛中焚烧，现在秋高气爽，一经焚烧气味难以散去，难闻至极，附近是兴华燃气站，存在极大安全隐患，希望相关部门能处理此问题。',
             '\r\n      ',
             '\r\n      ',
             '\r\n        '],
 'content_img': [],
 'href': 'http://wz.sun0769.com/html/question/201910/432175.shtml',
 'publish_date': '2019-10-16 14:32:38',
 'title': '万江上甲社区焚烧垃圾“死灰“复”燃”影响周边居民'}
2019-10-16 23:54:27 [yangguang.spiders.yg] WARNING: {'content': ['\xa0\xa0\xa0\xa0', '\r\n      ', '\r\n      ', '\r\n        '],
 'content_img': ['http://wz.sun0769.com/uploads/attached/2019/10/cad4dec8f94e227452d56bb7aca6c45e.jpg'],
 'href': 'http://wz.sun0769.com/html/question/201910/432179.shtml',
 'publish_date': '2019-10-16 14:36:33',
 'title': '东莞理工学院城市学院校内快递收发处乱收费举报！'}
2019-10-16 23:54:27 [yangguang.spiders.yg] WARNING: {'content': ['\xa0\xa0\xa0\xa0打81313312望牛墩分局电话，天天打天天无人接听，是不是望牛墩分局电话换了还是怎么了。',
             '\r\n      ',
             '\r\n      ',
             '\r\n        '],
 'content_img': [],
 'href': 'http://wz.sun0769.com/html/question/201910/432188.shtml',
 'publish_date': '2019-10-16 14:39:04',
 'title': '东莞市工商局望牛墩分局电话长期无人接听'}
2019-10-16 23:54:27 [yangguang.spiders.yg] WARNING: {'content': ['\xa0\xa0\xa0\xa0'
             '寮步镇华衍学校对离职教师教师拒发2018-2019第二学期绩效工资，严重侵害我们教师的自身利益，该绩效工资是从教师每个月的工资里扣除一部分，总共4个半月共2700元绩效工资，我已按照学校要求完成该学期所有工作，绩效工资本是我工资一部分，学校无权扣除，已经交涉几次，华衍学校不给答复，有关部门提供援助，如果不行要寻求法律保护和媒体曝光。',
             '\r\n      ',
             '\r\n      ',
             '\r\n        '],
 'content_img': [],
 'href': 'http://wz.sun0769.com/html/question/201910/432190.shtml',
 'publish_date': '2019-10-16 15:54:19',
 'title': '东莞市寮步镇华衍学校对离职教师拒绩效工资'}
2019-10-16 23:54:27 [yangguang.spiders.yg] WARNING: {'content': ['\xa0\xa0\xa0\xa0'
             '位于常平镇土塘村塘东路五巷1号，狗吠干扰市民问题，并没有完善结果，既然有关部门己知晓情况（回复称狗主人不经常在家，何来尽量管理被狗吠干扰市民的正常生活呢，）：狗日夜不定时的发出吠吼叫声来干扰市民，难道不懂什么叫不定时的概念吗？。难道要放纵狗主人的不文明养吠和无知去干扰市民的正常生活吗，难道就没有治安管理条法吗，个人的自私养犬行为却影响一大片、大人无法休息、小孩的学习也大大的受影响，难道这些不重要吗？还是某些…无能？纵容？',
             '\r\n      ',
             '\r\n      ',
             '\xa0\xa0\xa0\xa0',
             '\r\n      ',
             '\r\n      ',
             '\r\n        '],
 'content_img': [],
 'href': 'http://wz.sun0769.com/html/question/201910/432194.shtml',
 'publish_date': '2019-10-16 15:56:26',
 'title': '狗吠干扰'}
2019-10-16 23:54:27 [yangguang.spiders.yg] WARNING: {'content': ['\xa0\xa0\xa0\xa0', '\r\n      ', '\r\n      ', '\r\n        '],
 'content_img': ['http://wz.sun0769.com/uploads/attached/2019/10/27db774a884adcbb0b7cb3c5af6646f5.jpg'],
 'href': 'http://wz.sun0769.com/html/question/201910/432195.shtml',
 'publish_date': '2019-10-16 15:56:48',
 'title': '华讯大宅后面堆放建筑材料'}
2019-10-16 23:54:27 [yangguang.spiders.yg] WARNING: {'content': ['\xa0\xa0\xa0\xa0'
             '茶山上元村东园路臭水沟发出刺鼻恶臭，十几年毫无改善，每天发出刺鼻恶臭，蚊虫滋生，容易引发登革热等传染疾病，严重影响居住的身体健康安全，生活带来重大的不便。这条臭水沟陆陆续续十几年来都没有得到任何的改善，一到夏天就发出刺鼻恶臭，蚊虫非常多，一下暴雨就堵塞，整条马路也深受影响，希望市有关部门能够查清污染源头，是否有存在未经过处理的污染，也请相关部门能够制定方案解决这条臭水沟的问题！还村民一个美好绿化环境！打造美丽茶山！',
             '\r\n      ',
             '\r\n      ',
             '\r\n        '],
 'content_img': [],
 'href': 'http://wz.sun0769.com/html/question/201910/432198.shtml',
 'publish_date': '2019-10-16 17:06:06',
 'title': '关于茶山上元东园路臭水沟'}
2019-10-16 23:54:27 [yangguang.spiders.yg] WARNING: {'content': ['\xa0\xa0\xa0\xa0大约2019年8月23日，松山湖征地补偿款已经到齐。',
             '\xa0\xa0\xa0\xa0'
             '村委会没有立即出多种方案让村民投票，发扬民主精神。村委会只是出了两种方案方案进行摸底调查，拖延不少时间。',
             '\xa0\xa0\xa0\xa0'
             '摸底后村委会发现大部分村民不愿意选择第二种方案，又出了一个第二方案的情况说明，再一次拖延时间。村委会的意图很明显，他们的目的就是要大部分村民都选第二个方案，他们才满意。因为第二种方案，单单手续报备就要两年，这两年内资金的流向很难监督，很难不让人怀疑村委的心思。',
             '\xa0\xa0\xa0\xa0到现在过了约两个月，还没有进行任何正式方案投票。希望有关部分能够彻查。',
             '\r\n      ',
             '\r\n      ',
             '\r\n        '],
 'content_img': [],
 'href': 'http://wz.sun0769.com/html/question/201910/432142.shtml',
 'publish_date': '2019-10-16 11:20:16',
 'title': '企石镇博夏村委会办事效率太慢'}
2019-10-16 23:54:27 [yangguang.spiders.yg] WARNING: {'content': ['\xa0\xa0\xa0\xa0'
             '你好，各位领导！我是上东国际业主，近两个月以来，楼下的施工方不分昼夜施工，给我们生活带来严重影响，孩子刚上小学，被严重噪音吵到无法睡觉，白天打瞌睡，被老师投诉，想问问有关部门负责人什么时候可以还我们孩子正常生活，跪谢各位！',
             '\r\n      ',
             '\r\n      ',
             '\r\n        '],
 'content_img': [],
 'href': 'http://wz.sun0769.com/html/question/201910/432140.shtml',
 'publish_date': '2019-10-16 11:18:26',
 'title': '噪音扰民'}
2019-10-16 23:54:27 [yangguang.spiders.yg] WARNING: {'content': ['\xa0\xa0\xa0\xa0'
             '本人购买了沙田滨海明珠（雍景御品花园）一套房，原服务的置业顾问一直在上班并没有辞职，现在无书面通知并且没有征求本人意见情况下随意更换原有的置业顾问，导致本人很多不便！楼盘可随意的对业主个人资料信息随意支配给销售人员？这样我们业主信息泄漏时，需要追究那位责任？希望相关负责部门进行核查其违规情况',
             '\r\n      ',
             '\r\n      ',
             '\r\n        '],
 'content_img': [],
 'href': 'http://wz.sun0769.com/html/question/201910/432147.shtml',
 'publish_date': '2019-10-16 11:24:58',
 'title': '投诉沙田滨海明珠（雍景御品花园）泄漏业主个人信息，随意更换置..'}
2019-10-16 23:54:27 [yangguang.spiders.yg] WARNING: {'content': ['\xa0\xa0\xa0\xa0'
             '请教一下工信局相关部门领导同志，中国移动公司在为用户办理相关业务时，是否需要用户本人申请或同意才办理呢？',
             '\xa0\xa0\xa0\xa0    '
             '现汇报一下本人遇到的问题吧，本人于2016年7月在中国移动营业厅实名登记办理了一张号码卡，用至今未停机、未来欠移动公司的费用，可就在上月28日、29日陆陆续收到短信，内容为“你已成功开通短号家庭网，你的…，……，所有成员包月费用由你支付。）（欢迎使用……，月功能费5元/月…），又是（你已将138………设为家庭成员……）等等一系列的短信，但自始至终，我从来没有回复过任何信息，我想请问一下，这是谁有这个能力为我开通这个业务？而且添加的号码我是不认识的人…。那么还想再问一下各位领导，目前我已经知道为我开通这项业务，那么还为我、为其他的用户开通了多少不知情的收费业务？当然目前只是我身上发现的第二次事件，第一次联系客服已处理，但是……，你们也站在一个普通消费者想一下吧',
             '\r\n      ',
             '\r\n      ',
             '\r\n        '],
 'content_img': [],
 'href': 'http://wz.sun0769.com/html/question/201910/432149.shtml',
 'publish_date': '2019-10-16 11:25:46',
 'title': '移动公司私自办理开通业务'}
2019-10-16 23:54:27 [yangguang.spiders.yg] WARNING: {'content': ['\xa0\xa0\xa0\xa0'
             '东莞市陈屋东路一年前开始挖城市排污官网后路面坑坑洼洼一直未回复，车辆走在上面摇摇晃晃的缓慢行驶。特别是下雨天更无法通行，影响行车安全。往有关部门管一下，尽快恢复路面平整安全通行。',
             '\r\n      ',
             '\r\n      ',
             '\xa0\xa0\xa0\xa0',
             '\n',
             '\n',
             '\n',
             '\n',
             '\n',
             '\n',
             '\r\n      ',
             '\r\n      ',
             '\r\n        '],
 'content_img': [],
 'href': 'http://wz.sun0769.com/html/question/201910/432144.shtml',
 'publish_date': '2019-10-16 11:21:01',
 'title': '东莞厚街陈屋东路破烂不堪，无法通行'}
2019-10-16 23:54:27 [yangguang.spiders.yg] WARNING: {'content': ['\xa0\xa0\xa0\xa0'
             '东莞移动网络不通10天、电话申请维修十几次仍不安排修理，无奈等！东莞移动发生什么事了？望帮忙解决.（东莞市横沥镇水边综合市场）',
             '\r\n      ',
             '\r\n      ',
             '\r\n        '],
 'content_img': [],
 'href': 'http://wz.sun0769.com/html/question/201910/432156.shtml',
 'publish_date': '2019-10-16 11:38:55',
 'title': '东莞移动网络不通10天、电话申请维修十几次仍不安排修理（东莞..'}
2019-10-16 23:54:27 [yangguang.spiders.yg] WARNING: {'content': ['\xa0\xa0\xa0\xa0'
             '黄江华安珑珽对我们业主说是3月3号交房，已经拖延半年，开发商也没有给我们赔偿，也没有给具体的交房日期；希望有关部门能协助解决，谢谢',
             '\r\n      ',
             '\r\n      ',
             '\r\n        '],
 'content_img': [],
 'href': 'http://wz.sun0769.com/html/question/201910/432157.shtml',
 'publish_date': '2019-10-16 12:36:28',
 'title': '黄江华安珑珽延迟交房'}
2019-10-16 23:54:27 [yangguang.spiders.yg] WARNING: {'content': ['\xa0\xa0\xa0\xa0'
             '常平苏坑村苏坑一路与钓鱼场的十字路口处事故频繁，一月有几单。以前有减速带但日久失修已掉八成，晚上周边没路灯也很危险，最好装回监控，望相关部门跟进处理。',
             '\r\n      ',
             '\r\n      ',
             '\r\n        '],
 'content_img': [],
 'href': 'http://wz.sun0769.com/html/question/201910/432167.shtml',
 'publish_date': '2019-10-16 12:42:14',
 'title': '十字路口安全'}
2019-10-16 23:54:27 [yangguang.spiders.yg] WARNING: {'content': ['\xa0\xa0\xa0\xa0'
             '本人于2017年8月在东莞市黄江镇长江路购买的《华安商住小区》（又名“华安珑廷”）一栋1704号商品房，交付日期为2019年3月3日，经多方催促（住建局等），开发商发材料信息拖延到2019年9月30日交付，但现已过二次交付日期，开发商毫无动静，买房已经掏空积蓄，期待的是早日期住入自购的房子，现在不但每月还银行大额的购房贷款，还要付外租房租，因此强烈诉求：',
             '\xa0\xa0\xa0\xa01、敦促开发商明确交付时间。',
             '\xa0\xa0\xa0\xa02、本月实行按购房合同进行违约赔偿，已经违约的一次性补齐，后续违约按月赔偿。',
             '\xa0\xa0\xa0\xa03、本月补偿违约期的租房租金，已经违约的日期一次性补齐，后续违约按月赔偿。',
             '\xa0\xa0\xa0\xa0亟待政府相关部门协助解决，盼复。',
             '\r\n      ',
             '\r\n      ',
             '\r\n        '],
 'content_img': [],
 'href': 'http://wz.sun0769.com/html/question/201910/432162.shtml',
 'publish_date': '2019-10-16 12:39:41',
 'title': '东莞市黄江镇华安商住小区期房逾期半年以上未交楼，也无讯息，要..'}
2019-10-16 23:54:27 [yangguang.spiders.yg] WARNING: {'content': ['\xa0\xa0\xa0\xa0'
             '万江信访办按照万江坝新社区根据上东业主委员会及碧桂园物业提供的资料，对本人于2019年9月29日的投诉作了回复，对于上东业主委员会及碧桂园物业公司忽悠业主及政府的行为，极为不满！！再次投诉！！',
             '\xa0\xa0\xa0\xa0'
             '上东业主委员会从来没有将与碧桂园物业签订后的正式物业合同对业主公示，曾经公示的所谓“合同”只是征求意见稿，具体合同条款，各项收费明细均不得而知，碧桂园物业的有偿服务价格高得离谱，使业主与政府根本无法对物业管理进行监督！',
             '\xa0\xa0\xa0\xa0'
             '业主委员会组织选聘物业，对业主宣传作出的小区各种改善、维修、更新设施承诺无一落实！唯一落实的是涨了物业费！！业主普遍感受被欺骗！！',
             '\xa0\xa0\xa0\xa0'
             '公共收益不单只是有停车费，还包括业主委员会对业主宣传的小区广告费，电梯广告费，广场摆摊费等！当时业主委员会宣传时，保证每月公示，接受业主监督，现在已过去快三个月了，公示在哪里了？谁监督公共收益的去向？',
             '\xa0\xa0\xa0\xa0我们大部分业主根本没有收到缴费通知，就产生所谓“滞纳金”，水电费根本没抄表，业主无法核对！！',
             '\xa0\xa0\xa0\xa0'
             '既然停车场道闸系统不完善，又没有发票，怎么可以收费？收费标准是什么？收到的钱去那里了？小区地下停车位都是在开发商那直接办理月租，据了解，开发商根本就没有授权碧桂园物业收取地下车库的临时停车收费，碧桂园物业凭什么乱收费？？？',
             '\xa0\xa0\xa0\xa0'
             '以前物业打扫卫生早晚各一次，现在大幅涨了物业费，反倒降低卫生打扫频次，卫生都搞不好，反过来还将责任推给业主？？天底下还有这样的道理？',
             '\xa0\xa0\xa0\xa0请政府仔细核查！！不再受上东业主委员会和碧桂园物业公司的忽悠！！',
             '\r\n      ',
             '\r\n      ',
             '\r\n        '],
 'content_img': [],
 'href': 'http://wz.sun0769.com/html/question/201910/432165.shtml',
 'publish_date': '2019-10-16 12:41:44',
 'title': '再次投诉上东业主委员会和碧桂园物业公司'}
2019-10-16 23:54:27 [yangguang.spiders.yg] WARNING: {'content': ['\xa0\xa0\xa0\xa0'
             '松山湖兰馨园旁边施工工地经常通宵施工，要么就是施工到深夜一、两点，施工声音非常的大，严重影响周边住户的休息睡眠，多次投诉都没有进展，希望能尽快处理。',
             '\r\n      ',
             '\r\n      ',
             '\r\n        '],
 'content_img': [],
 'href': 'http://wz.sun0769.com/html/question/201910/432169.shtml',
 'publish_date': '2019-10-16 14:22:38',
 'title': '松山湖兰馨园旁边施工工地扰民问题'}
2019-10-16 23:54:27 [yangguang.spiders.yg] WARNING: {'content': ['\xa0\xa0\xa0\xa0'
             '本人于2017年7月在东莞市黄江镇购买的《华安商住小区》（又名“华安珑廷”）一栋一套商品房，交付日期为2019年3月3日，经多方催促（住建局等），开发商发材料信息拖延到2019年9月30日交付，但现已过二次交付日期，开发商毫无动静，买房已经掏空积蓄，期待的是早日期住入自购的房子，现在不但每月还银行大额的购房贷款，还要付外租房租，因此强烈诉求：',
             '\xa0\xa0\xa0\xa01、敦促开发商明确交付时间。',
             '\xa0\xa0\xa0\xa02、本月实行按购房合同进行违约赔偿，已经违约的一次性补齐，后续违约按月赔偿。',
             '\xa0\xa0\xa0\xa03、本月补偿违约期的租房租金，已经违约的日期一次性补齐，后续违约按月赔偿。   ',
             '\r\n      ',
             '\r\n      ',
             '\r\n        '],
 'content_img': [],
 'href': 'http://wz.sun0769.com/html/question/201910/432202.shtml',
 'publish_date': '2019-10-16 17:08:39',
 'title': '东莞市黄江镇长江路华安商住小区逾期半年多未交房，亟待交房和按..'}
2019-10-16 23:54:27 [yangguang.spiders.yg] WARNING: {'content': ['\xa0\xa0\xa0\xa0'
             '各位领导好，虎门镇南栅西头别墅四小区三巷12号旁边的施工工地严重影响村民生活！多次向社区反映无果，希望各相关单位负责人尽快处理一下！',
             '\r\n      ',
             '\r\n      ',
             '\r\n        '],
 'content_img': [],
 'href': 'http://wz.sun0769.com/html/question/201910/432172.shtml',
 'publish_date': '2019-10-16 14:28:44',
 'title': '南栅西头别墅四小区三巷12号旁边的施工工地严重影响村民生活！'}
2019-10-16 23:54:28 [yangguang.spiders.yg] WARNING: {'content': ['\xa0\xa0\xa0\xa0'
             '裕光产业园的健身中心9号楼下面，每晚十点后搬运，除了工人吆喝声，大卡车噪音非常扰民，而且常常持续到半夜1、2点，裕光作为物管公司，完全不劝喻，裕光停车场也不阻止，噪音扰民已经维持几个月了，附近满满的居民楼，裕光公司和产业园里进驻的公司完全不理会，裕光产业园也经常一早6点多开工搞建筑，简直扰人清梦，要求重视这种问题，赶工或者日常营业需要都要合法合规',
             '\r\n      ',
             '\r\n      ',
             '\r\n        '],
 'content_img': [],
 'href': 'http://wz.sun0769.com/html/question/201910/432185.shtml',
 'publish_date': '2019-10-16 14:38:42',
 'title': '东莞市东城堑头裕光外贸产业园噪音严重'}
2019-10-16 23:54:47 [yangguang.spiders.yg] WARNING: {'content': ['\xa0\xa0\xa0\xa0', '\r\n      ', '\r\n      ', '\r\n        '],
 'content_img': ['http://wz.sun0769.com/uploads/attached/2019/10/4d9698e2b5a995420fa82297a423318c.png'],
 'href': 'http://wz.sun0769.com/html/question/201910/432204.shtml',
 'publish_date': '2019-10-16 17:10:16',
 'title': '东莞苏轼广博检测拖欠离职人员工资'}
