2019-10-16 02:02:59 [mySpider.pipelines] WARNING: {'name': '朱老师', 'title': '高级讲师', 'hello': 'world'}
2019-10-16 02:02:59 [mySpider.pipelines] WARNING: {'name': '刘老师', 'title': '高级讲师', 'hello': 'world'}
2019-10-16 02:02:59 [mySpider.pipelines] WARNING: {'name': '刘老师', 'title': '高级讲师', 'hello': 'world'}
2019-10-16 02:02:59 [mySpider.pipelines] WARNING: {'name': '王老师', 'title': '高级讲师', 'hello': 'world'}
2019-10-16 02:02:59 [mySpider.pipelines] WARNING: {'name': '杜老师', 'title': '高级讲师', 'hello': 'world'}
2019-10-16 02:02:59 [mySpider.pipelines] WARNING: {'name': '苏老师', 'title': '高级讲师', 'hello': 'world'}
2019-10-16 02:02:59 [mySpider.pipelines] WARNING: {'name': '刘老师', 'title': '高级讲师', 'hello': 'world'}
2019-10-16 02:02:59 [mySpider.pipelines] WARNING: {'name': '张老师', 'title': '高级讲师', 'hello': 'world'}
2019-10-16 02:02:59 [mySpider.pipelines] WARNING: {'name': '王老师', 'title': '高级讲师', 'hello': 'world'}
2019-10-16 02:02:59 [mySpider.pipelines] WARNING: {'name': '韩老师', 'title': '高级讲师', 'hello': 'world'}
2019-10-16 02:02:59 [mySpider.pipelines] WARNING: {'name': ' 邓老师', 'title': '高级讲师', 'hello': 'world'}
2019-10-16 02:02:59 [mySpider.pipelines] WARNING: {'name': ' 梁老师', 'title': '高级讲师', 'hello': 'world'}
2019-10-16 02:02:59 [mySpider.pipelines] WARNING: {'name': '吴老师', 'title': '高级讲师', 'hello': 'world'}
2019-10-16 02:02:59 [mySpider.pipelines] WARNING: {'name': '吴老师', 'title': '高级讲师', 'hello': 'world'}
2019-10-16 02:02:59 [mySpider.pipelines] WARNING: {'name': '赵老师', 'title': '高级讲师', 'hello': 'world'}
2019-10-16 02:02:59 [mySpider.pipelines] WARNING: {'name': '曹老师', 'title': '高级讲师', 'hello': 'world'}
2019-10-16 02:02:59 [mySpider.pipelines] WARNING: {'name': '闻老师', 'title': '高级讲师', 'hello': 'world'}
2019-10-16 02:02:59 [mySpider.pipelines] WARNING: {'name': '许老师', 'title': '高级讲师', 'hello': 'world'}
2019-10-16 02:02:59 [mySpider.pipelines] WARNING: {'name': '赵老师', 'title': '高级讲师', 'hello': 'world'}
2019-10-16 02:02:59 [mySpider.pipelines] WARNING: {'name': ' 刘老师', 'title': '高级讲师', 'hello': 'world'}
2019-10-16 02:02:59 [mySpider.pipelines] WARNING: {'name': '张老师', 'title': '高级讲师', 'hello': 'world'}
2019-10-16 02:02:59 [mySpider.pipelines] WARNING: {'name': '赵老师', 'title': '高级讲师', 'hello': 'world'}
2019-10-16 02:02:59 [mySpider.pipelines] WARNING: {'name': '孟老师', 'title': '高级讲师', 'hello': 'world'}
2019-10-16 02:02:59 [mySpider.pipelines] WARNING: {'name': '毛老师', 'title': '高级讲师', 'hello': 'world'}
2019-10-16 02:02:59 [mySpider.pipelines] WARNING: {'name': '张老师', 'title': '高级讲师', 'hello': 'world'}
2019-10-16 02:02:59 [mySpider.pipelines] WARNING: {'name': '崔老师', 'title': '高级讲师', 'hello': 'world'}
2019-10-16 02:02:59 [mySpider.pipelines] WARNING: {'name': '汤老师', 'title': '高级讲师', 'hello': 'world'}
2019-10-16 02:02:59 [mySpider.pipelines] WARNING: {'name': '赵老师', 'title': '高级讲师', 'hello': 'world'}
2019-10-16 02:02:59 [mySpider.pipelines] WARNING: {'name': '娄老师', 'title': '高级讲师', 'hello': 'world'}
2019-10-16 02:02:59 [mySpider.pipelines] WARNING: {'name': '李老师', 'title': '高级讲师', 'hello': 'world'}
2019-10-16 02:02:59 [mySpider.pipelines] WARNING: {'name': '刘老师', 'title': '高级讲师', 'hello': 'world'}
2019-10-16 02:02:59 [mySpider.pipelines] WARNING: {'name': '钟老师', 'title': '高级讲师', 'hello': 'world'}
2019-10-16 02:02:59 [mySpider.pipelines] WARNING: {'name': '刘老师', 'title': '高级讲师', 'hello': 'world'}
2019-10-16 02:02:59 [mySpider.pipelines] WARNING: {'name': '梁老师', 'title': '高级讲师', 'hello': 'world'}
2019-10-16 02:02:59 [mySpider.pipelines] WARNING: {'name': '张老师', 'title': '高级讲师', 'hello': 'world'}
2019-10-16 02:02:59 [mySpider.pipelines] WARNING: {'name': '赵老师', 'title': '高级讲师', 'hello': 'world'}
2019-10-16 02:02:59 [mySpider.pipelines] WARNING: {'name': '徐老师', 'title': '高级讲师', 'hello': 'world'}
2019-10-16 02:02:59 [mySpider.pipelines] WARNING: {'name': '杜老师', 'title': '高级讲师', 'hello': 'world'}
2019-10-16 02:02:59 [mySpider.pipelines] WARNING: {'name': '饶老师', 'title': '高级讲师', 'hello': 'world'}
2019-10-16 02:02:59 [mySpider.pipelines] WARNING: {'name': '关老师', 'title': '高级讲师', 'hello': 'world'}
2019-10-16 02:02:59 [mySpider.pipelines] WARNING: {'name': '石老师', 'title': '高级讲师', 'hello': 'world'}
2019-10-16 02:02:59 [mySpider.pipelines] WARNING: {'name': '张老师', 'title': '高级讲师', 'hello': 'world'}
2019-10-16 02:02:59 [mySpider.pipelines] WARNING: {'name': '姜老师', 'title': '高级讲师', 'hello': 'world'}
2019-10-16 02:02:59 [mySpider.pipelines] WARNING: {'name': '杨老师', 'title': '高级讲师', 'hello': 'world'}
2019-10-16 02:02:59 [mySpider.pipelines] WARNING: {'name': '栾老师', 'title': '高级讲师', 'hello': 'world'}
2019-10-16 02:02:59 [mySpider.pipelines] WARNING: {'name': '谈老师', 'title': '高级讲师', 'hello': 'world'}
2019-10-16 02:02:59 [mySpider.pipelines] WARNING: {'name': '肖老师', 'title': '高级讲师', 'hello': 'world'}
2019-10-16 02:02:59 [mySpider.pipelines] WARNING: {'name': '袁老师', 'title': '高级讲师', 'hello': 'world'}
2019-10-16 02:02:59 [mySpider.pipelines] WARNING: {'name': '刘老师', 'title': '高级讲师', 'hello': 'world'}
2019-10-16 02:02:59 [mySpider.pipelines] WARNING: {'name': '唐老师', 'title': '高级讲师', 'hello': 'world'}
2019-10-16 02:02:59 [mySpider.pipelines] WARNING: {'name': '苗老师', 'title': '高级讲师', 'hello': 'world'}
2019-10-16 02:02:59 [mySpider.pipelines] WARNING: {'name': '王老师', 'title': '高级讲师', 'hello': 'world'}
2019-10-16 02:02:59 [mySpider.pipelines] WARNING: {'name': '徐老师', 'title': '高级讲师', 'hello': 'world'}
2019-10-16 02:02:59 [mySpider.pipelines] WARNING: {'name': '杨老师', 'title': '高级讲师', 'hello': 'world'}
2019-10-16 02:02:59 [mySpider.pipelines] WARNING: {'name': '谭老师', 'title': '高级讲师', 'hello': 'world'}
2019-10-16 02:02:59 [mySpider.pipelines] WARNING: {'name': '方老师', 'title': '高级讲师', 'hello': 'world'}
2019-10-16 02:02:59 [mySpider.pipelines] WARNING: {'name': '李老师', 'title': '高级讲师', 'hello': 'world'}
2019-10-16 02:02:59 [mySpider.pipelines] WARNING: {'name': '廖老师', 'title': '高级讲师', 'hello': 'world'}
2019-10-16 02:02:59 [mySpider.pipelines] WARNING: {'name': '詹老师', 'title': '高级讲师', 'hello': 'world'}
2019-10-16 02:02:59 [mySpider.pipelines] WARNING: {'name': '时老师', 'title': '高级讲师', 'hello': 'world'}
2019-10-16 02:02:59 [mySpider.pipelines] WARNING: {'name': '张老师', 'title': '高级讲师', 'hello': 'world'}
2019-10-16 02:02:59 [mySpider.pipelines] WARNING: {'name': '于老师', 'title': '高级讲师', 'hello': 'world'}
2019-10-16 02:02:59 [mySpider.pipelines] WARNING: {'name': '王老师', 'title': '高级讲师', 'hello': 'world'}
2019-10-16 02:02:59 [mySpider.pipelines] WARNING: {'name': '陈老师', 'title': '高级讲师', 'hello': 'world'}
2019-10-16 02:02:59 [mySpider.pipelines] WARNING: {'name': '惠老师', 'title': '高级讲师', 'hello': 'world'}
2019-10-16 02:02:59 [mySpider.pipelines] WARNING: {'name': '马老师', 'title': '高级讲师', 'hello': 'world'}
2019-10-16 02:02:59 [mySpider.pipelines] WARNING: {'name': '康老师', 'title': '高级讲师', 'hello': 'world'}
2019-10-16 02:02:59 [mySpider.pipelines] WARNING: {'name': '刘老师', 'title': '高级讲师', 'hello': 'world'}
2019-10-16 02:02:59 [mySpider.pipelines] WARNING: {'name': '张老师', 'title': '高级讲师', 'hello': 'world'}
2019-10-16 02:02:59 [mySpider.pipelines] WARNING: {'name': '杨老师', 'title': '高级讲师', 'hello': 'world'}
2019-10-16 02:02:59 [mySpider.pipelines] WARNING: {'name': '石老师', 'title': '高级讲师', 'hello': 'world'}
2019-10-16 02:02:59 [mySpider.pipelines] WARNING: {'name': '许老师', 'title': '高级讲师', 'hello': 'world'}
2019-10-16 02:02:59 [mySpider.pipelines] WARNING: {'name': '郭老师', 'title': '高级讲师', 'hello': 'world'}
2019-10-16 02:02:59 [mySpider.pipelines] WARNING: {'name': '郝老师', 'title': '高级讲师', 'hello': 'world'}
2019-10-16 02:02:59 [mySpider.pipelines] WARNING: {'name': '安老师', 'title': '高级讲师', 'hello': 'world'}
2019-10-16 02:02:59 [mySpider.pipelines] WARNING: {'name': '刘老师', 'title': '高级讲师', 'hello': 'world'}
2019-10-16 02:02:59 [mySpider.pipelines] WARNING: {'name': '朱老师\t', 'title': '高级讲师', 'hello': 'world'}
2019-10-16 02:02:59 [mySpider.pipelines] WARNING: {'name': '胡老师', 'title': '高级讲师', 'hello': 'world'}
2019-10-16 02:02:59 [mySpider.pipelines] WARNING: {'name': '李老师', 'title': '高级讲师', 'hello': 'world'}
2019-10-16 02:02:59 [mySpider.pipelines] WARNING: {'name': '李老师', 'title': '高级讲师', 'hello': 'world'}
2019-10-16 02:02:59 [mySpider.pipelines] WARNING: {'name': '张老师', 'title': '高级讲师', 'hello': 'world'}
2019-10-16 02:02:59 [mySpider.pipelines] WARNING: {'name': '田老师', 'title': '高级讲师', 'hello': 'world'}
2019-10-16 02:02:59 [mySpider.pipelines] WARNING: {'name': '殷老师', 'title': '高级讲师', 'hello': 'world'}
2019-10-16 02:02:59 [mySpider.pipelines] WARNING: {'name': '潘老师', 'title': '高级讲师', 'hello': 'world'}
2019-10-16 02:02:59 [mySpider.pipelines] WARNING: {'name': '李老师', 'title': '高级讲师', 'hello': 'world'}
2019-10-16 02:02:59 [mySpider.pipelines] WARNING: {'name': '彭老师', 'title': '高级讲师', 'hello': 'world'}
2019-10-16 02:02:59 [mySpider.pipelines] WARNING: {'name': '叶老师', 'title': '高级讲师', 'hello': 'world'}
2019-10-16 02:02:59 [mySpider.pipelines] WARNING: {'name': '杨老师', 'title': '高级讲师', 'hello': 'world'}
2019-10-16 02:02:59 [mySpider.pipelines] WARNING: {'name': '王老师', 'title': '高级讲师', 'hello': 'world'}
2019-10-16 02:02:59 [mySpider.pipelines] WARNING: {'name': '白老师', 'title': '高级讲师', 'hello': 'world'}
2019-10-16 02:02:59 [mySpider.pipelines] WARNING: {'name': '蔡老师', 'title': '高级讲师', 'hello': 'world'}
2019-10-16 02:02:59 [mySpider.pipelines] WARNING: {'name': '陈老师', 'title': '高级讲师', 'hello': 'world'}
2019-10-16 02:02:59 [mySpider.pipelines] WARNING: {'name': '陈老师', 'title': '高级讲师', 'hello': 'world'}
2019-10-16 02:02:59 [mySpider.pipelines] WARNING: {'name': '陈老师', 'title': '高级讲师', 'hello': 'world'}
2019-10-16 02:02:59 [mySpider.pipelines] WARNING: {'name': '冯老师', 'title': '高级讲师', 'hello': 'world'}
2019-10-16 02:02:59 [mySpider.pipelines] WARNING: {'name': '谷老师', 'title': '高级讲师', 'hello': 'world'}
2019-10-16 02:02:59 [mySpider.pipelines] WARNING: {'name': '江老师', 'title': '高级讲师', 'hello': 'world'}
2019-10-16 02:02:59 [mySpider.pipelines] WARNING: {'name': '刘老师', 'title': '高级讲师', 'hello': 'world'}
2019-10-16 02:02:59 [mySpider.pipelines] WARNING: {'name': '柳老师', 'title': '高级讲师', 'hello': 'world'}
2019-10-16 02:02:59 [mySpider.pipelines] WARNING: {'name': '卢老师', 'title': '高级讲师', 'hello': 'world'}
2019-10-16 02:02:59 [mySpider.pipelines] WARNING: {'name': '陆老师', 'title': '高级讲师', 'hello': 'world'}
2019-10-16 02:02:59 [mySpider.pipelines] WARNING: {'name': '王老师', 'title': '高级讲师', 'hello': 'world'}
2019-10-16 02:02:59 [mySpider.pipelines] WARNING: {'name': '王老师', 'title': '高级讲师', 'hello': 'world'}
2019-10-16 02:02:59 [mySpider.pipelines] WARNING: {'name': '王老师', 'title': '高级讲师', 'hello': 'world'}
2019-10-16 02:02:59 [mySpider.pipelines] WARNING: {'name': '王老师', 'title': '高级讲师', 'hello': 'world'}
2019-10-16 02:02:59 [mySpider.pipelines] WARNING: {'name': '夏老师', 'title': '高级讲师', 'hello': 'world'}
2019-10-16 02:02:59 [mySpider.pipelines] WARNING: {'name': '张老师', 'title': '高级讲师', 'hello': 'world'}
2019-10-16 02:02:59 [mySpider.pipelines] WARNING: {'name': '周老师', 'title': '高级讲师', 'hello': 'world'}
2019-10-16 02:02:59 [mySpider.pipelines] WARNING: {'name': '朱老师', 'title': '高级讲师', 'hello': 'world'}
2019-10-16 02:02:59 [mySpider.pipelines] WARNING: {'name': '陈老师', 'title': '高级讲师', 'hello': 'world'}
2019-10-16 02:02:59 [mySpider.pipelines] WARNING: {'name': '廖老师', 'title': '高级讲师', 'hello': 'world'}
2019-10-16 02:02:59 [mySpider.pipelines] WARNING: {'name': '潘老师', 'title': '高级讲师', 'hello': 'world'}
2019-10-16 02:02:59 [mySpider.pipelines] WARNING: {'name': '宋老师', 'title': '高级讲师', 'hello': 'world'}
2019-10-16 02:02:59 [mySpider.pipelines] WARNING: {'name': '徐老师', 'title': '高级讲师', 'hello': 'world'}
2019-10-16 02:02:59 [mySpider.pipelines] WARNING: {'name': '袁老师', 'title': '高级讲师', 'hello': 'world'}
2019-10-16 02:02:59 [mySpider.pipelines] WARNING: {'name': '钟老师', 'title': '高级讲师', 'hello': 'world'}
2019-10-16 02:02:59 [mySpider.pipelines] WARNING: {'name': '辛老师', 'title': '高级讲师', 'hello': 'world'}
2019-10-16 02:02:59 [mySpider.pipelines] WARNING: {'name': '刘老师', 'title': '高级讲师', 'hello': 'world'}
2019-10-16 02:02:59 [mySpider.pipelines] WARNING: {'name': '刘老师', 'title': '高级讲师', 'hello': 'world'}
2019-10-16 02:02:59 [mySpider.pipelines] WARNING: {'name': '刘老师', 'title': '高级讲师', 'hello': 'world'}
2019-10-16 02:02:59 [mySpider.pipelines] WARNING: {'name': '沈老师', 'title': '高级讲师', 'hello': 'world'}
2019-10-16 02:02:59 [mySpider.pipelines] WARNING: {'name': '余老师', 'title': '高级讲师', 'hello': 'world'}
2019-10-16 02:02:59 [mySpider.pipelines] WARNING: {'name': '王老师', 'title': '高级讲师', 'hello': 'world'}
2019-10-16 02:02:59 [mySpider.pipelines] WARNING: {'name': '王老师', 'title': '高级讲师', 'hello': 'world'}
2019-10-16 02:02:59 [mySpider.pipelines] WARNING: {'name': '龙老师', 'title': '高级讲师', 'hello': 'world'}
2019-10-16 02:02:59 [mySpider.pipelines] WARNING: {'name': '侯老师', 'title': '高级讲师', 'hello': 'world'}
2019-10-16 02:02:59 [mySpider.pipelines] WARNING: {'name': '王老师', 'title': '高级讲师', 'hello': 'world'}
2019-10-16 02:02:59 [mySpider.pipelines] WARNING: {'name': '潘老师', 'title': '高级讲师', 'hello': 'world'}
2019-10-16 02:02:59 [mySpider.pipelines] WARNING: {'name': '裴老师', 'title': '高级讲师', 'hello': 'world'}
2019-10-16 02:02:59 [mySpider.pipelines] WARNING: {'name': '孙老师', 'title': '高级讲师', 'hello': 'world'}
2019-10-16 02:02:59 [mySpider.pipelines] WARNING: {'name': '吴老师', 'title': '高级讲师', 'hello': 'world'}
2019-10-16 02:02:59 [mySpider.pipelines] WARNING: {'name': '王老师', 'title': '高级讲师', 'hello': 'world'}
2019-10-16 02:02:59 [mySpider.pipelines] WARNING: {'name': '殷老师', 'title': '高级讲师', 'hello': 'world'}
2019-10-16 02:02:59 [mySpider.pipelines] WARNING: {'name': '高老师', 'title': '高级讲师', 'hello': 'world'}
2019-10-16 02:02:59 [mySpider.pipelines] WARNING: {'name': '吴老师', 'title': '高级讲师', 'hello': 'world'}
2019-10-16 02:02:59 [mySpider.pipelines] WARNING: {'name': '张老师', 'title': '高级讲师', 'hello': 'world'}
2019-10-16 02:02:59 [mySpider.pipelines] WARNING: {'name': '崔老师', 'title': '高级讲师', 'hello': 'world'}
2019-10-16 02:02:59 [mySpider.pipelines] WARNING: {'name': '梁老师', 'title': '高级讲师', 'hello': 'world'}
2019-10-16 02:02:59 [mySpider.pipelines] WARNING: {'name': '王老师', 'title': '高级讲师', 'hello': 'world'}
2019-10-16 02:02:59 [mySpider.pipelines] WARNING: {'name': '李老师', 'title': '高级讲师', 'hello': 'world'}
2019-10-16 02:02:59 [mySpider.pipelines] WARNING: {'name': '张老师', 'title': '高级讲师', 'hello': 'world'}
2019-10-16 02:02:59 [mySpider.pipelines] WARNING: {'name': '朱老师', 'title': '高级讲师', 'hello': 'world'}
2019-10-16 02:02:59 [mySpider.pipelines] WARNING: {'name': '李老师', 'title': '高级讲师', 'hello': 'world'}
2019-10-16 02:02:59 [mySpider.pipelines] WARNING: {'name': '李老师', 'title': '高级讲师', 'hello': 'world'}
2019-10-16 02:02:59 [mySpider.pipelines] WARNING: {'name': '孙老师', 'title': '高级讲师', 'hello': 'world'}
2019-10-16 02:02:59 [mySpider.pipelines] WARNING: {'name': '赵老师', 'title': '高级讲师', 'hello': 'world'}
2019-10-16 02:02:59 [mySpider.pipelines] WARNING: {'name': '马老师', 'title': '高级讲师', 'hello': 'world'}
2019-10-16 02:02:59 [mySpider.pipelines] WARNING: {'name': '康老师', 'title': '高级讲师', 'hello': 'world'}
2019-10-16 02:02:59 [mySpider.pipelines] WARNING: {'name': '周老师', 'title': '高级讲师', 'hello': 'world'}
2019-10-16 02:02:59 [mySpider.pipelines] WARNING: {'name': '汪老师', 'title': '高级讲师', 'hello': 'world'}
2019-10-16 02:02:59 [mySpider.pipelines] WARNING: {'name': '赵老师', 'title': '高级讲师', 'hello': 'world'}
2019-10-16 02:02:59 [mySpider.pipelines] WARNING: {'name': '韩老师', 'title': '高级讲师', 'hello': 'world'}
2019-10-16 02:02:59 [mySpider.pipelines] WARNING: {'name': '杨老师', 'title': '高级讲师', 'hello': 'world'}
2019-10-16 02:02:59 [mySpider.pipelines] WARNING: {'name': '汤老师', 'title': '高级讲师', 'hello': 'world'}
2019-10-16 02:02:59 [mySpider.pipelines] WARNING: {'name': '李老师', 'title': '高级讲师', 'hello': 'world'}
2019-10-16 02:02:59 [mySpider.pipelines] WARNING: {'name': '王老师', 'title': '高级讲师', 'hello': 'world'}
2019-10-16 02:02:59 [mySpider.pipelines] WARNING: {'name': '吴老师', 'title': '高级讲师', 'hello': 'world'}
2019-10-16 02:02:59 [mySpider.pipelines] WARNING: {'name': '张老师', 'title': '高级讲师', 'hello': 'world'}
2019-10-16 02:02:59 [mySpider.pipelines] WARNING: {'name': '张老师', 'title': '高级讲师', 'hello': 'world'}
2019-10-16 02:02:59 [mySpider.pipelines] WARNING: {'name': '刘老师', 'title': '高级讲师', 'hello': 'world'}
2019-10-16 02:02:59 [mySpider.pipelines] WARNING: {'name': '孙老师', 'title': '高级讲师', 'hello': 'world'}
2019-10-16 02:02:59 [mySpider.pipelines] WARNING: {'name': '李老师', 'title': '高级讲师', 'hello': 'world'}
2019-10-16 02:02:59 [mySpider.pipelines] WARNING: {'name': '周老师', 'title': '高级讲师', 'hello': 'world'}
2019-10-16 02:02:59 [mySpider.pipelines] WARNING: {'name': '王老师', 'title': '高级讲师', 'hello': 'world'}
2019-10-16 02:02:59 [mySpider.pipelines] WARNING: {'name': '刘老师', 'title': '高级讲师', 'hello': 'world'}
2019-10-16 02:02:59 [mySpider.pipelines] WARNING: {'name': '陈老师', 'title': '高级讲师', 'hello': 'world'}
2019-10-16 02:02:59 [mySpider.pipelines] WARNING: {'name': ' 金老师', 'title': '高级讲师', 'hello': 'world'}
2019-10-16 02:02:59 [mySpider.pipelines] WARNING: {'name': '邢老师', 'title': '高级讲师', 'hello': 'world'}
2019-10-16 02:02:59 [mySpider.pipelines] WARNING: {'name': '王老师', 'title': '高级讲师', 'hello': 'world'}
2019-10-16 02:02:59 [mySpider.pipelines] WARNING: {'name': '江老师', 'title': '高级讲师', 'hello': 'world'}
2019-10-16 02:02:59 [mySpider.pipelines] WARNING: {'name': '谢老师', 'title': '高级讲师', 'hello': 'world'}
2019-10-16 02:02:59 [mySpider.pipelines] WARNING: {'name': ' 惠老师', 'title': '高级讲师', 'hello': 'world'}
2019-10-16 02:02:59 [mySpider.pipelines] WARNING: {'name': '刘老师', 'title': '高级讲师', 'hello': 'world'}
2019-10-16 02:02:59 [mySpider.pipelines] WARNING: {'name': '尹老师', 'title': '高级讲师', 'hello': 'world'}
2019-10-16 02:02:59 [mySpider.pipelines] WARNING: {'name': '孔老师', 'title': '高级讲师', 'hello': 'world'}
2019-10-16 02:02:59 [mySpider.pipelines] WARNING: {'name': '赵老师', 'title': '高级讲师', 'hello': 'world'}
2019-10-16 02:02:59 [mySpider.pipelines] WARNING: {'name': '张老师', 'title': '高级讲师', 'hello': 'world'}
2019-10-16 02:02:59 [mySpider.pipelines] WARNING: {'name': '杜老师', 'title': '高级讲师', 'hello': 'world'}
2019-10-16 02:02:59 [mySpider.pipelines] WARNING: {'name': '赵老师', 'title': '高级讲师', 'hello': 'world'}
2019-10-16 02:02:59 [mySpider.pipelines] WARNING: {'name': '庄老师', 'title': '高级讲师', 'hello': 'world'}
2019-10-16 02:02:59 [mySpider.pipelines] WARNING: {'name': '刘老师', 'title': '高级讲师', 'hello': 'world'}
2019-10-16 02:02:59 [mySpider.pipelines] WARNING: {'name': '郭老师', 'title': '高级讲师', 'hello': 'world'}
2019-10-16 02:02:59 [mySpider.pipelines] WARNING: {'name': '毛老师', 'title': '高级讲师', 'hello': 'world'}
2019-10-16 02:02:59 [mySpider.pipelines] WARNING: {'name': '丁老师', 'title': '高级讲师', 'hello': 'world'}
2019-10-16 02:02:59 [mySpider.pipelines] WARNING: {'name': '陈老师', 'title': '高级讲师', 'hello': 'world'}
2019-10-16 02:02:59 [mySpider.pipelines] WARNING: {'name': '胡老师', 'title': '高级讲师', 'hello': 'world'}
2019-10-16 02:02:59 [mySpider.pipelines] WARNING: {'name': '李老师', 'title': '高级讲师', 'hello': 'world'}
2019-10-16 02:02:59 [mySpider.pipelines] WARNING: {'name': '刘老师', 'title': '高级讲师', 'hello': 'world'}
2019-10-16 02:02:59 [mySpider.pipelines] WARNING: {'name': '杨老师', 'title': '高级讲师', 'hello': 'world'}
2019-10-16 02:02:59 [mySpider.pipelines] WARNING: {'name': '张老师', 'title': '高级讲师', 'hello': 'world'}
2019-10-16 02:02:59 [mySpider.pipelines] WARNING: {'name': '周老师', 'title': '高级讲师', 'hello': 'world'}
2019-10-16 02:02:59 [mySpider.pipelines] WARNING: {'name': '彭老师', 'title': '高级讲师', 'hello': 'world'}
2019-10-16 02:02:59 [mySpider.pipelines] WARNING: {'name': '王老师', 'title': '高级讲师', 'hello': 'world'}
2019-10-16 02:02:59 [mySpider.pipelines] WARNING: {'name': '齐老师', 'title': '高级讲师', 'hello': 'world'}
2019-10-16 02:02:59 [mySpider.pipelines] WARNING: {'name': '原老师', 'title': '高级讲师', 'hello': 'world'}
2019-10-16 02:02:59 [mySpider.pipelines] WARNING: {'name': '吕老师', 'title': '高级讲师', 'hello': 'world'}
2019-10-16 02:02:59 [mySpider.pipelines] WARNING: {'name': '秦老师', 'title': '高级讲师', 'hello': 'world'}
2019-10-16 02:02:59 [mySpider.pipelines] WARNING: {'name': '陈老师', 'title': '高级讲师', 'hello': 'world'}
2019-10-16 02:02:59 [mySpider.pipelines] WARNING: {'name': '江老师', 'title': '高级讲师', 'hello': 'world'}
2019-10-16 02:02:59 [mySpider.pipelines] WARNING: {'name': '刘老师', 'title': '高级讲师', 'hello': 'world'}
2019-10-16 02:02:59 [mySpider.pipelines] WARNING: {'name': '谢老师', 'title': '高级讲师', 'hello': 'world'}
2019-10-16 02:02:59 [mySpider.pipelines] WARNING: {'name': '朱老师', 'title': '高级讲师', 'hello': 'world'}
2019-10-16 02:02:59 [mySpider.pipelines] WARNING: {'name': '张老师', 'title': '高级讲师', 'hello': 'world'}
2019-10-16 02:02:59 [mySpider.pipelines] WARNING: {'name': '盛老师', 'title': '高级讲师', 'hello': 'world'}
2019-10-16 02:02:59 [mySpider.pipelines] WARNING: {'name': '范老师', 'title': '高级讲师', 'hello': 'world'}
2019-10-16 02:02:59 [mySpider.pipelines] WARNING: {'name': '王老师', 'title': '高级讲师', 'hello': 'world'}
2019-10-16 02:02:59 [mySpider.pipelines] WARNING: {'name': '沈老师', 'title': '高级讲师', 'hello': 'world'}
2019-10-16 02:02:59 [mySpider.pipelines] WARNING: {'name': '何老师', 'title': '高级讲师', 'hello': 'world'}
2019-10-16 02:02:59 [mySpider.pipelines] WARNING: {'name': '李老师', 'title': '高级讲师', 'hello': 'world'}
2019-10-16 02:02:59 [mySpider.pipelines] WARNING: {'name': '梅老师', 'title': '高级讲师', 'hello': 'world'}
2019-10-16 02:02:59 [mySpider.pipelines] WARNING: {'name': '姚老师', 'title': '高级讲师', 'hello': 'world'}
2019-10-16 02:02:59 [mySpider.pipelines] WARNING: {'name': '陈老师', 'title': '高级讲师', 'hello': 'world'}
2019-10-16 02:02:59 [mySpider.pipelines] WARNING: {'name': '许老师', 'title': '高级讲师', 'hello': 'world'}
2019-10-16 02:02:59 [mySpider.pipelines] WARNING: {'name': '张老师', 'title': '高级讲师', 'hello': 'world'}
2019-10-16 02:02:59 [mySpider.pipelines] WARNING: {'name': '李老师', 'title': '高级讲师', 'hello': 'world'}
2019-10-16 02:02:59 [mySpider.pipelines] WARNING: {'name': '肖老师', 'title': '高级讲师', 'hello': 'world'}
2019-10-16 02:02:59 [mySpider.pipelines] WARNING: {'name': '唐老师', 'title': '高级讲师', 'hello': 'world'}
2019-10-16 02:02:59 [mySpider.pipelines] WARNING: {'name': '肖老师', 'title': '高级讲师', 'hello': 'world'}
2019-10-16 02:02:59 [mySpider.pipelines] WARNING: {'name': '刘老师', 'title': '高级讲师', 'hello': 'world'}
2019-10-16 02:02:59 [mySpider.pipelines] WARNING: {'name': '李老师', 'title': '高级讲师', 'hello': 'world'}
2019-10-16 02:02:59 [mySpider.pipelines] WARNING: {'name': ' 许老师', 'title': '高级讲师', 'hello': 'world'}
2019-10-16 02:02:59 [mySpider.pipelines] WARNING: {'name': '石老师', 'title': '高级讲师', 'hello': 'world'}
2019-10-16 02:02:59 [mySpider.pipelines] WARNING: {'name': '刘老师', 'title': '高级讲师', 'hello': 'world'}
2019-10-16 02:02:59 [mySpider.pipelines] WARNING: {'name': '恩老师', 'title': '高级讲师', 'hello': 'world'}
2019-10-16 02:02:59 [mySpider.pipelines] WARNING: {'name': '赵老师', 'title': '高级讲师', 'hello': 'world'}
2019-10-16 02:02:59 [mySpider.pipelines] WARNING: {'name': '庄老师', 'title': '高级讲师', 'hello': 'world'}
2019-10-16 02:02:59 [mySpider.pipelines] WARNING: {'name': '查老师', 'title': '高级讲师', 'hello': 'world'}
2019-10-16 02:02:59 [mySpider.pipelines] WARNING: {'name': '刘老师', 'title': '高级讲师', 'hello': 'world'}
2019-10-16 02:02:59 [mySpider.pipelines] WARNING: {'name': '曲老师', 'title': '高级讲师', 'hello': 'world'}
2019-10-16 02:02:59 [mySpider.pipelines] WARNING: {'name': '王老师', 'title': '高级讲师', 'hello': 'world'}
2019-10-16 02:02:59 [mySpider.pipelines] WARNING: {'name': '张老师\t', 'title': '高级讲师', 'hello': 'world'}
2019-10-16 02:02:59 [mySpider.pipelines] WARNING: {'name': '李老师', 'title': '高级讲师', 'hello': 'world'}
2019-10-16 02:02:59 [mySpider.pipelines] WARNING: {'name': '李老师', 'title': '高级讲师', 'hello': 'world'}
2019-10-16 02:02:59 [mySpider.pipelines] WARNING: {'name': '陈老师', 'title': '高级讲师', 'hello': 'world'}
2019-10-16 02:02:59 [mySpider.pipelines] WARNING: {'name': '贺老师', 'title': '高级讲师', 'hello': 'world'}
2019-10-16 02:02:59 [mySpider.pipelines] WARNING: {'name': '宋老师', 'title': '高级讲师', 'hello': 'world'}
2019-10-16 02:02:59 [mySpider.pipelines] WARNING: {'name': '雷老师', 'title': '高级讲师', 'hello': 'world'}
2019-10-16 02:02:59 [mySpider.pipelines] WARNING: {'name': '刘老师', 'title': '高级讲师', 'hello': 'world'}
2019-10-16 02:02:59 [mySpider.pipelines] WARNING: {'name': '郭老师', 'title': '高级讲师', 'hello': 'world'}
2019-10-16 02:02:59 [mySpider.pipelines] WARNING: {'name': '高老师', 'title': '高级讲师', 'hello': 'world'}
2019-10-16 02:02:59 [mySpider.pipelines] WARNING: {'name': '谭老师', 'title': '高级讲师', 'hello': 'world'}
2019-10-16 02:02:59 [mySpider.pipelines] WARNING: {'name': '廖老师', 'title': '高级讲师', 'hello': 'world'}
2019-10-16 02:02:59 [mySpider.pipelines] WARNING: {'name': '王老师', 'title': '高级讲师', 'hello': 'world'}
2019-10-16 02:02:59 [mySpider.pipelines] WARNING: {'name': '周老师', 'title': '高级讲师', 'hello': 'world'}
2019-10-16 02:02:59 [mySpider.pipelines] WARNING: {'name': '杨老师', 'title': '高级讲师', 'hello': 'world'}
2019-10-16 02:02:59 [mySpider.pipelines] WARNING: {'name': '王老师', 'title': '高级讲师', 'hello': 'world'}
2019-10-16 02:02:59 [mySpider.pipelines] WARNING: {'name': '缪老师', 'title': '高级讲师', 'hello': 'world'}
2019-10-16 02:02:59 [mySpider.pipelines] WARNING: {'name': '许老师', 'title': '高级讲师', 'hello': 'world'}
2019-10-16 02:02:59 [mySpider.pipelines] WARNING: {'name': '金老师', 'title': '高级讲师', 'hello': 'world'}
2019-10-16 02:02:59 [mySpider.pipelines] WARNING: {'name': '邓老师', 'title': '高级讲师', 'hello': 'world'}
2019-10-16 02:02:59 [mySpider.pipelines] WARNING: {'name': '龚老师', 'title': '高级讲师', 'hello': 'world'}
2019-10-16 02:02:59 [mySpider.pipelines] WARNING: {'name': '李老师', 'title': '高级讲师', 'hello': 'world'}
2019-10-16 02:02:59 [mySpider.pipelines] WARNING: {'name': '方老师', 'title': '高级讲师', 'hello': 'world'}
2019-10-16 02:02:59 [mySpider.pipelines] WARNING: {'name': '曾老师', 'title': '高级讲师', 'hello': 'world'}
2019-10-16 02:02:59 [mySpider.pipelines] WARNING: {'name': '梁老师', 'title': '高级讲师', 'hello': 'world'}
2019-10-16 02:02:59 [mySpider.pipelines] WARNING: {'name': '闫老师', 'title': '高级讲师', 'hello': 'world'}
2019-10-16 02:02:59 [mySpider.pipelines] WARNING: {'name': '杨老师', 'title': '高级讲师', 'hello': 'world'}
2019-10-16 02:02:59 [mySpider.pipelines] WARNING: {'name': '邓老师', 'title': '高级讲师', 'hello': 'world'}
2019-10-16 02:02:59 [mySpider.pipelines] WARNING: {'name': '龚老师', 'title': '高级讲师', 'hello': 'world'}
2019-10-16 02:02:59 [mySpider.pipelines] WARNING: {'name': '薛老师', 'title': '高级讲师', 'hello': 'world'}
2019-10-16 02:02:59 [mySpider.pipelines] WARNING: {'name': '张老师', 'title': '高级讲师', 'hello': 'world'}
2019-10-16 02:02:59 [mySpider.pipelines] WARNING: {'name': '丛老师', 'title': '高级讲师', 'hello': 'world'}
2019-10-16 02:02:59 [mySpider.pipelines] WARNING: {'name': '李老师', 'title': '高级讲师', 'hello': 'world'}
2019-10-16 02:02:59 [mySpider.pipelines] WARNING: {'name': '刘老师', 'title': '高级讲师', 'hello': 'world'}
2019-10-16 02:02:59 [mySpider.pipelines] WARNING: {'name': '彭老师', 'title': '高级讲师', 'hello': 'world'}
2019-10-16 02:02:59 [mySpider.pipelines] WARNING: {'name': '杨老师', 'title': '高级讲师', 'hello': 'world'}
2019-10-16 02:02:59 [mySpider.pipelines] WARNING: {'name': '杨老师', 'title': '高级讲师', 'hello': 'world'}
2019-10-16 02:02:59 [mySpider.pipelines] WARNING: {'name': '袁老师', 'title': '高级讲师', 'hello': 'world'}
2019-10-16 02:02:59 [mySpider.pipelines] WARNING: {'name': '周老师', 'title': '高级讲师', 'hello': 'world'}
2019-10-16 02:02:59 [mySpider.pipelines] WARNING: {'name': '张老师', 'title': '高级讲师', 'hello': 'world'}
2019-10-16 02:02:59 [mySpider.pipelines] WARNING: {'name': '黄老师', 'title': '高级讲师', 'hello': 'world'}
2019-10-16 02:02:59 [mySpider.pipelines] WARNING: {'name': '伍老师', 'title': '高级讲师', 'hello': 'world'}
2019-10-16 02:02:59 [mySpider.pipelines] WARNING: {'name': '江老师', 'title': '高级讲师', 'hello': 'world'}
2019-10-16 02:02:59 [mySpider.pipelines] WARNING: {'name': '段老师', 'title': '高级讲师', 'hello': 'world'}
2019-10-16 02:02:59 [mySpider.pipelines] WARNING: {'name': '刘老师', 'title': '高级讲师', 'hello': 'world'}
2019-10-16 02:02:59 [mySpider.pipelines] WARNING: {'name': '彭老师', 'title': '高级讲师', 'hello': 'world'}
2019-10-16 02:02:59 [mySpider.pipelines] WARNING: {'name': '李老师', 'title': '高级讲师', 'hello': 'world'}
2019-10-16 02:02:59 [mySpider.pipelines] WARNING: {'name': '苏老师', 'title': '高级讲师', 'hello': 'world'}
2019-10-16 02:02:59 [mySpider.pipelines] WARNING: {'name': '王老师', 'title': '高级讲师', 'hello': 'world'}
2019-10-16 02:02:59 [mySpider.pipelines] WARNING: {'name': '吴老师', 'title': '高级讲师', 'hello': 'world'}
2019-10-16 02:02:59 [mySpider.pipelines] WARNING: {'name': '沈老师', 'title': '高级讲师', 'hello': 'world'}
2019-10-16 02:02:59 [mySpider.pipelines] WARNING: {'name': '李老师', 'title': '高级讲师', 'hello': 'world'}
2019-10-16 02:02:59 [mySpider.pipelines] WARNING: {'name': '周老师', 'title': '高级讲师', 'hello': 'world'}
2019-10-16 02:02:59 [mySpider.pipelines] WARNING: {'name': '赵老师', 'title': '高级讲师', 'hello': 'world'}
2019-10-16 02:02:59 [mySpider.pipelines] WARNING: {'name': '潘老师', 'title': '高级讲师', 'hello': 'world'}
2019-10-16 02:02:59 [mySpider.pipelines] WARNING: {'name': '胡老师', 'title': '高级讲师', 'hello': 'world'}
2019-10-16 02:02:59 [mySpider.pipelines] WARNING: {'name': '王老师', 'title': '高级讲师', 'hello': 'world'}
2019-10-16 02:02:59 [mySpider.pipelines] WARNING: {'name': '肖老师', 'title': '高级讲师', 'hello': 'world'}
2019-10-16 02:02:59 [mySpider.pipelines] WARNING: {'name': '信老师', 'title': '高级讲师', 'hello': 'world'}
2019-10-16 02:29:29 [mySpider.pipelines] WARNING: {'name': '朱老师', 'title': '高级讲师', 'hello': 'world'}
2019-10-16 02:29:29 [mySpider.pipelines] WARNING: {'name': '刘老师', 'title': '高级讲师', 'hello': 'world'}
2019-10-16 02:29:29 [mySpider.pipelines] WARNING: {'name': '刘老师', 'title': '高级讲师', 'hello': 'world'}
2019-10-16 02:29:29 [mySpider.pipelines] WARNING: {'name': '王老师', 'title': '高级讲师', 'hello': 'world'}
2019-10-16 02:29:29 [mySpider.pipelines] WARNING: {'name': '杜老师', 'title': '高级讲师', 'hello': 'world'}
2019-10-16 02:29:29 [mySpider.pipelines] WARNING: {'name': '苏老师', 'title': '高级讲师', 'hello': 'world'}
2019-10-16 02:29:29 [mySpider.pipelines] WARNING: {'name': '刘老师', 'title': '高级讲师', 'hello': 'world'}
2019-10-16 02:29:29 [mySpider.pipelines] WARNING: {'name': '张老师', 'title': '高级讲师', 'hello': 'world'}
2019-10-16 02:29:29 [mySpider.pipelines] WARNING: {'name': '王老师', 'title': '高级讲师', 'hello': 'world'}
2019-10-16 02:29:29 [mySpider.pipelines] WARNING: {'name': '韩老师', 'title': '高级讲师', 'hello': 'world'}
2019-10-16 02:29:29 [mySpider.pipelines] WARNING: {'name': ' 邓老师', 'title': '高级讲师', 'hello': 'world'}
2019-10-16 02:29:29 [mySpider.pipelines] WARNING: {'name': ' 梁老师', 'title': '高级讲师', 'hello': 'world'}
2019-10-16 02:29:29 [mySpider.pipelines] WARNING: {'name': '吴老师', 'title': '高级讲师', 'hello': 'world'}
2019-10-16 02:29:29 [mySpider.pipelines] WARNING: {'name': '吴老师', 'title': '高级讲师', 'hello': 'world'}
2019-10-16 02:29:29 [mySpider.pipelines] WARNING: {'name': '赵老师', 'title': '高级讲师', 'hello': 'world'}
2019-10-16 02:29:29 [mySpider.pipelines] WARNING: {'name': '曹老师', 'title': '高级讲师', 'hello': 'world'}
2019-10-16 02:29:29 [mySpider.pipelines] WARNING: {'name': '闻老师', 'title': '高级讲师', 'hello': 'world'}
2019-10-16 02:29:29 [mySpider.pipelines] WARNING: {'name': '许老师', 'title': '高级讲师', 'hello': 'world'}
2019-10-16 02:29:29 [mySpider.pipelines] WARNING: {'name': '赵老师', 'title': '高级讲师', 'hello': 'world'}
2019-10-16 02:29:29 [mySpider.pipelines] WARNING: {'name': ' 刘老师', 'title': '高级讲师', 'hello': 'world'}
2019-10-16 02:29:29 [mySpider.pipelines] WARNING: {'name': '张老师', 'title': '高级讲师', 'hello': 'world'}
2019-10-16 02:29:29 [mySpider.pipelines] WARNING: {'name': '赵老师', 'title': '高级讲师', 'hello': 'world'}
2019-10-16 02:29:29 [mySpider.pipelines] WARNING: {'name': '孟老师', 'title': '高级讲师', 'hello': 'world'}
2019-10-16 02:29:29 [mySpider.pipelines] WARNING: {'name': '毛老师', 'title': '高级讲师', 'hello': 'world'}
2019-10-16 02:29:29 [mySpider.pipelines] WARNING: {'name': '张老师', 'title': '高级讲师', 'hello': 'world'}
2019-10-16 02:29:29 [mySpider.pipelines] WARNING: {'name': '崔老师', 'title': '高级讲师', 'hello': 'world'}
2019-10-16 02:29:29 [mySpider.pipelines] WARNING: {'name': '汤老师', 'title': '高级讲师', 'hello': 'world'}
2019-10-16 02:29:29 [mySpider.pipelines] WARNING: {'name': '赵老师', 'title': '高级讲师', 'hello': 'world'}
2019-10-16 02:29:29 [mySpider.pipelines] WARNING: {'name': '娄老师', 'title': '高级讲师', 'hello': 'world'}
2019-10-16 02:29:29 [mySpider.pipelines] WARNING: {'name': '李老师', 'title': '高级讲师', 'hello': 'world'}
2019-10-16 02:29:29 [mySpider.pipelines] WARNING: {'name': '刘老师', 'title': '高级讲师', 'hello': 'world'}
2019-10-16 02:29:29 [mySpider.pipelines] WARNING: {'name': '钟老师', 'title': '高级讲师', 'hello': 'world'}
2019-10-16 02:29:29 [mySpider.pipelines] WARNING: {'name': '刘老师', 'title': '高级讲师', 'hello': 'world'}
2019-10-16 02:29:29 [mySpider.pipelines] WARNING: {'name': '梁老师', 'title': '高级讲师', 'hello': 'world'}
2019-10-16 02:29:29 [mySpider.pipelines] WARNING: {'name': '张老师', 'title': '高级讲师', 'hello': 'world'}
2019-10-16 02:29:29 [mySpider.pipelines] WARNING: {'name': '赵老师', 'title': '高级讲师', 'hello': 'world'}
2019-10-16 02:29:29 [mySpider.pipelines] WARNING: {'name': '徐老师', 'title': '高级讲师', 'hello': 'world'}
2019-10-16 02:29:29 [mySpider.pipelines] WARNING: {'name': '杜老师', 'title': '高级讲师', 'hello': 'world'}
2019-10-16 02:29:29 [mySpider.pipelines] WARNING: {'name': '饶老师', 'title': '高级讲师', 'hello': 'world'}
2019-10-16 02:29:29 [mySpider.pipelines] WARNING: {'name': '关老师', 'title': '高级讲师', 'hello': 'world'}
2019-10-16 02:29:29 [mySpider.pipelines] WARNING: {'name': '石老师', 'title': '高级讲师', 'hello': 'world'}
2019-10-16 02:29:29 [mySpider.pipelines] WARNING: {'name': '张老师', 'title': '高级讲师', 'hello': 'world'}
2019-10-16 02:29:29 [mySpider.pipelines] WARNING: {'name': '姜老师', 'title': '高级讲师', 'hello': 'world'}
2019-10-16 02:29:29 [mySpider.pipelines] WARNING: {'name': '杨老师', 'title': '高级讲师', 'hello': 'world'}
2019-10-16 02:29:29 [mySpider.pipelines] WARNING: {'name': '栾老师', 'title': '高级讲师', 'hello': 'world'}
2019-10-16 02:29:29 [mySpider.pipelines] WARNING: {'name': '谈老师', 'title': '高级讲师', 'hello': 'world'}
2019-10-16 02:29:29 [mySpider.pipelines] WARNING: {'name': '肖老师', 'title': '高级讲师', 'hello': 'world'}
2019-10-16 02:29:29 [mySpider.pipelines] WARNING: {'name': '袁老师', 'title': '高级讲师', 'hello': 'world'}
2019-10-16 02:29:29 [mySpider.pipelines] WARNING: {'name': '刘老师', 'title': '高级讲师', 'hello': 'world'}
2019-10-16 02:29:29 [mySpider.pipelines] WARNING: {'name': '唐老师', 'title': '高级讲师', 'hello': 'world'}
2019-10-16 02:29:29 [mySpider.pipelines] WARNING: {'name': '苗老师', 'title': '高级讲师', 'hello': 'world'}
2019-10-16 02:29:29 [mySpider.pipelines] WARNING: {'name': '王老师', 'title': '高级讲师', 'hello': 'world'}
2019-10-16 02:29:29 [mySpider.pipelines] WARNING: {'name': '徐老师', 'title': '高级讲师', 'hello': 'world'}
2019-10-16 02:29:29 [mySpider.pipelines] WARNING: {'name': '杨老师', 'title': '高级讲师', 'hello': 'world'}
2019-10-16 02:29:29 [mySpider.pipelines] WARNING: {'name': '谭老师', 'title': '高级讲师', 'hello': 'world'}
2019-10-16 02:29:29 [mySpider.pipelines] WARNING: {'name': '方老师', 'title': '高级讲师', 'hello': 'world'}
2019-10-16 02:29:29 [mySpider.pipelines] WARNING: {'name': '李老师', 'title': '高级讲师', 'hello': 'world'}
2019-10-16 02:29:29 [mySpider.pipelines] WARNING: {'name': '廖老师', 'title': '高级讲师', 'hello': 'world'}
2019-10-16 02:29:29 [mySpider.pipelines] WARNING: {'name': '詹老师', 'title': '高级讲师', 'hello': 'world'}
2019-10-16 02:29:29 [mySpider.pipelines] WARNING: {'name': '时老师', 'title': '高级讲师', 'hello': 'world'}
2019-10-16 02:29:29 [mySpider.pipelines] WARNING: {'name': '张老师', 'title': '高级讲师', 'hello': 'world'}
2019-10-16 02:29:29 [mySpider.pipelines] WARNING: {'name': '于老师', 'title': '高级讲师', 'hello': 'world'}
2019-10-16 02:29:29 [mySpider.pipelines] WARNING: {'name': '王老师', 'title': '高级讲师', 'hello': 'world'}
2019-10-16 02:29:29 [mySpider.pipelines] WARNING: {'name': '陈老师', 'title': '高级讲师', 'hello': 'world'}
2019-10-16 02:29:29 [mySpider.pipelines] WARNING: {'name': '惠老师', 'title': '高级讲师', 'hello': 'world'}
2019-10-16 02:29:29 [mySpider.pipelines] WARNING: {'name': '马老师', 'title': '高级讲师', 'hello': 'world'}
2019-10-16 02:29:29 [mySpider.pipelines] WARNING: {'name': '康老师', 'title': '高级讲师', 'hello': 'world'}
2019-10-16 02:29:29 [mySpider.pipelines] WARNING: {'name': '刘老师', 'title': '高级讲师', 'hello': 'world'}
2019-10-16 02:29:29 [mySpider.pipelines] WARNING: {'name': '张老师', 'title': '高级讲师', 'hello': 'world'}
2019-10-16 02:29:29 [mySpider.pipelines] WARNING: {'name': '杨老师', 'title': '高级讲师', 'hello': 'world'}
2019-10-16 02:29:29 [mySpider.pipelines] WARNING: {'name': '石老师', 'title': '高级讲师', 'hello': 'world'}
2019-10-16 02:29:29 [mySpider.pipelines] WARNING: {'name': '许老师', 'title': '高级讲师', 'hello': 'world'}
2019-10-16 02:29:29 [mySpider.pipelines] WARNING: {'name': '郭老师', 'title': '高级讲师', 'hello': 'world'}
2019-10-16 02:29:29 [mySpider.pipelines] WARNING: {'name': '郝老师', 'title': '高级讲师', 'hello': 'world'}
2019-10-16 02:29:29 [mySpider.pipelines] WARNING: {'name': '安老师', 'title': '高级讲师', 'hello': 'world'}
2019-10-16 02:29:29 [mySpider.pipelines] WARNING: {'name': '刘老师', 'title': '高级讲师', 'hello': 'world'}
2019-10-16 02:29:29 [mySpider.pipelines] WARNING: {'name': '朱老师\t', 'title': '高级讲师', 'hello': 'world'}
2019-10-16 02:29:29 [mySpider.pipelines] WARNING: {'name': '胡老师', 'title': '高级讲师', 'hello': 'world'}
2019-10-16 02:29:29 [mySpider.pipelines] WARNING: {'name': '李老师', 'title': '高级讲师', 'hello': 'world'}
2019-10-16 02:29:29 [mySpider.pipelines] WARNING: {'name': '李老师', 'title': '高级讲师', 'hello': 'world'}
2019-10-16 02:29:29 [mySpider.pipelines] WARNING: {'name': '张老师', 'title': '高级讲师', 'hello': 'world'}
2019-10-16 02:29:29 [mySpider.pipelines] WARNING: {'name': '田老师', 'title': '高级讲师', 'hello': 'world'}
2019-10-16 02:29:29 [mySpider.pipelines] WARNING: {'name': '殷老师', 'title': '高级讲师', 'hello': 'world'}
2019-10-16 02:29:29 [mySpider.pipelines] WARNING: {'name': '潘老师', 'title': '高级讲师', 'hello': 'world'}
2019-10-16 02:29:29 [mySpider.pipelines] WARNING: {'name': '李老师', 'title': '高级讲师', 'hello': 'world'}
2019-10-16 02:29:29 [mySpider.pipelines] WARNING: {'name': '彭老师', 'title': '高级讲师', 'hello': 'world'}
2019-10-16 02:29:29 [mySpider.pipelines] WARNING: {'name': '叶老师', 'title': '高级讲师', 'hello': 'world'}
2019-10-16 02:29:29 [mySpider.pipelines] WARNING: {'name': '杨老师', 'title': '高级讲师', 'hello': 'world'}
2019-10-16 02:29:29 [mySpider.pipelines] WARNING: {'name': '王老师', 'title': '高级讲师', 'hello': 'world'}
2019-10-16 02:29:29 [mySpider.pipelines] WARNING: {'name': '白老师', 'title': '高级讲师', 'hello': 'world'}
2019-10-16 02:29:29 [mySpider.pipelines] WARNING: {'name': '蔡老师', 'title': '高级讲师', 'hello': 'world'}
2019-10-16 02:29:29 [mySpider.pipelines] WARNING: {'name': '陈老师', 'title': '高级讲师', 'hello': 'world'}
2019-10-16 02:29:29 [mySpider.pipelines] WARNING: {'name': '陈老师', 'title': '高级讲师', 'hello': 'world'}
2019-10-16 02:29:29 [mySpider.pipelines] WARNING: {'name': '陈老师', 'title': '高级讲师', 'hello': 'world'}
2019-10-16 02:29:29 [mySpider.pipelines] WARNING: {'name': '冯老师', 'title': '高级讲师', 'hello': 'world'}
2019-10-16 02:29:29 [mySpider.pipelines] WARNING: {'name': '谷老师', 'title': '高级讲师', 'hello': 'world'}
2019-10-16 02:29:29 [mySpider.pipelines] WARNING: {'name': '江老师', 'title': '高级讲师', 'hello': 'world'}
2019-10-16 02:29:29 [mySpider.pipelines] WARNING: {'name': '刘老师', 'title': '高级讲师', 'hello': 'world'}
2019-10-16 02:29:29 [mySpider.pipelines] WARNING: {'name': '柳老师', 'title': '高级讲师', 'hello': 'world'}
2019-10-16 02:29:29 [mySpider.pipelines] WARNING: {'name': '卢老师', 'title': '高级讲师', 'hello': 'world'}
2019-10-16 02:29:29 [mySpider.pipelines] WARNING: {'name': '陆老师', 'title': '高级讲师', 'hello': 'world'}
2019-10-16 02:29:29 [mySpider.pipelines] WARNING: {'name': '王老师', 'title': '高级讲师', 'hello': 'world'}
2019-10-16 02:29:29 [mySpider.pipelines] WARNING: {'name': '王老师', 'title': '高级讲师', 'hello': 'world'}
2019-10-16 02:29:29 [mySpider.pipelines] WARNING: {'name': '王老师', 'title': '高级讲师', 'hello': 'world'}
2019-10-16 02:29:29 [mySpider.pipelines] WARNING: {'name': '王老师', 'title': '高级讲师', 'hello': 'world'}
2019-10-16 02:29:29 [mySpider.pipelines] WARNING: {'name': '夏老师', 'title': '高级讲师', 'hello': 'world'}
2019-10-16 02:29:29 [mySpider.pipelines] WARNING: {'name': '张老师', 'title': '高级讲师', 'hello': 'world'}
2019-10-16 02:29:29 [mySpider.pipelines] WARNING: {'name': '周老师', 'title': '高级讲师', 'hello': 'world'}
2019-10-16 02:29:29 [mySpider.pipelines] WARNING: {'name': '朱老师', 'title': '高级讲师', 'hello': 'world'}
2019-10-16 02:29:29 [mySpider.pipelines] WARNING: {'name': '陈老师', 'title': '高级讲师', 'hello': 'world'}
2019-10-16 02:29:29 [mySpider.pipelines] WARNING: {'name': '廖老师', 'title': '高级讲师', 'hello': 'world'}
2019-10-16 02:29:29 [mySpider.pipelines] WARNING: {'name': '潘老师', 'title': '高级讲师', 'hello': 'world'}
2019-10-16 02:29:29 [mySpider.pipelines] WARNING: {'name': '宋老师', 'title': '高级讲师', 'hello': 'world'}
2019-10-16 02:29:29 [mySpider.pipelines] WARNING: {'name': '徐老师', 'title': '高级讲师', 'hello': 'world'}
2019-10-16 02:29:29 [mySpider.pipelines] WARNING: {'name': '袁老师', 'title': '高级讲师', 'hello': 'world'}
2019-10-16 02:29:29 [mySpider.pipelines] WARNING: {'name': '钟老师', 'title': '高级讲师', 'hello': 'world'}
2019-10-16 02:29:29 [mySpider.pipelines] WARNING: {'name': '辛老师', 'title': '高级讲师', 'hello': 'world'}
2019-10-16 02:29:29 [mySpider.pipelines] WARNING: {'name': '刘老师', 'title': '高级讲师', 'hello': 'world'}
2019-10-16 02:29:29 [mySpider.pipelines] WARNING: {'name': '刘老师', 'title': '高级讲师', 'hello': 'world'}
2019-10-16 02:29:29 [mySpider.pipelines] WARNING: {'name': '刘老师', 'title': '高级讲师', 'hello': 'world'}
2019-10-16 02:29:29 [mySpider.pipelines] WARNING: {'name': '沈老师', 'title': '高级讲师', 'hello': 'world'}
2019-10-16 02:29:29 [mySpider.pipelines] WARNING: {'name': '余老师', 'title': '高级讲师', 'hello': 'world'}
2019-10-16 02:29:29 [mySpider.pipelines] WARNING: {'name': '王老师', 'title': '高级讲师', 'hello': 'world'}
2019-10-16 02:29:29 [mySpider.pipelines] WARNING: {'name': '王老师', 'title': '高级讲师', 'hello': 'world'}
2019-10-16 02:29:29 [mySpider.pipelines] WARNING: {'name': '龙老师', 'title': '高级讲师', 'hello': 'world'}
2019-10-16 02:29:29 [mySpider.pipelines] WARNING: {'name': '侯老师', 'title': '高级讲师', 'hello': 'world'}
2019-10-16 02:29:29 [mySpider.pipelines] WARNING: {'name': '王老师', 'title': '高级讲师', 'hello': 'world'}
2019-10-16 02:29:29 [mySpider.pipelines] WARNING: {'name': '潘老师', 'title': '高级讲师', 'hello': 'world'}
2019-10-16 02:29:29 [mySpider.pipelines] WARNING: {'name': '裴老师', 'title': '高级讲师', 'hello': 'world'}
2019-10-16 02:29:29 [mySpider.pipelines] WARNING: {'name': '孙老师', 'title': '高级讲师', 'hello': 'world'}
2019-10-16 02:29:29 [mySpider.pipelines] WARNING: {'name': '吴老师', 'title': '高级讲师', 'hello': 'world'}
2019-10-16 02:29:29 [mySpider.pipelines] WARNING: {'name': '王老师', 'title': '高级讲师', 'hello': 'world'}
2019-10-16 02:29:29 [mySpider.pipelines] WARNING: {'name': '殷老师', 'title': '高级讲师', 'hello': 'world'}
2019-10-16 02:29:29 [mySpider.pipelines] WARNING: {'name': '高老师', 'title': '高级讲师', 'hello': 'world'}
2019-10-16 02:29:29 [mySpider.pipelines] WARNING: {'name': '吴老师', 'title': '高级讲师', 'hello': 'world'}
2019-10-16 02:29:29 [mySpider.pipelines] WARNING: {'name': '张老师', 'title': '高级讲师', 'hello': 'world'}
2019-10-16 02:29:29 [mySpider.pipelines] WARNING: {'name': '崔老师', 'title': '高级讲师', 'hello': 'world'}
2019-10-16 02:29:29 [mySpider.pipelines] WARNING: {'name': '梁老师', 'title': '高级讲师', 'hello': 'world'}
2019-10-16 02:29:29 [mySpider.pipelines] WARNING: {'name': '王老师', 'title': '高级讲师', 'hello': 'world'}
2019-10-16 02:29:29 [mySpider.pipelines] WARNING: {'name': '李老师', 'title': '高级讲师', 'hello': 'world'}
2019-10-16 02:29:29 [mySpider.pipelines] WARNING: {'name': '张老师', 'title': '高级讲师', 'hello': 'world'}
2019-10-16 02:29:29 [mySpider.pipelines] WARNING: {'name': '朱老师', 'title': '高级讲师', 'hello': 'world'}
2019-10-16 02:29:29 [mySpider.pipelines] WARNING: {'name': '李老师', 'title': '高级讲师', 'hello': 'world'}
2019-10-16 02:29:29 [mySpider.pipelines] WARNING: {'name': '李老师', 'title': '高级讲师', 'hello': 'world'}
2019-10-16 02:29:29 [mySpider.pipelines] WARNING: {'name': '孙老师', 'title': '高级讲师', 'hello': 'world'}
2019-10-16 02:29:29 [mySpider.pipelines] WARNING: {'name': '赵老师', 'title': '高级讲师', 'hello': 'world'}
2019-10-16 02:29:29 [mySpider.pipelines] WARNING: {'name': '马老师', 'title': '高级讲师', 'hello': 'world'}
2019-10-16 02:29:29 [mySpider.pipelines] WARNING: {'name': '康老师', 'title': '高级讲师', 'hello': 'world'}
2019-10-16 02:29:29 [mySpider.pipelines] WARNING: {'name': '周老师', 'title': '高级讲师', 'hello': 'world'}
2019-10-16 02:29:29 [mySpider.pipelines] WARNING: {'name': '汪老师', 'title': '高级讲师', 'hello': 'world'}
2019-10-16 02:29:29 [mySpider.pipelines] WARNING: {'name': '赵老师', 'title': '高级讲师', 'hello': 'world'}
2019-10-16 02:29:29 [mySpider.pipelines] WARNING: {'name': '韩老师', 'title': '高级讲师', 'hello': 'world'}
2019-10-16 02:29:29 [mySpider.pipelines] WARNING: {'name': '杨老师', 'title': '高级讲师', 'hello': 'world'}
2019-10-16 02:29:29 [mySpider.pipelines] WARNING: {'name': '汤老师', 'title': '高级讲师', 'hello': 'world'}
2019-10-16 02:29:29 [mySpider.pipelines] WARNING: {'name': '李老师', 'title': '高级讲师', 'hello': 'world'}
2019-10-16 02:29:29 [mySpider.pipelines] WARNING: {'name': '王老师', 'title': '高级讲师', 'hello': 'world'}
2019-10-16 02:29:29 [mySpider.pipelines] WARNING: {'name': '吴老师', 'title': '高级讲师', 'hello': 'world'}
2019-10-16 02:29:29 [mySpider.pipelines] WARNING: {'name': '张老师', 'title': '高级讲师', 'hello': 'world'}
2019-10-16 02:29:29 [mySpider.pipelines] WARNING: {'name': '张老师', 'title': '高级讲师', 'hello': 'world'}
2019-10-16 02:29:29 [mySpider.pipelines] WARNING: {'name': '刘老师', 'title': '高级讲师', 'hello': 'world'}
2019-10-16 02:29:29 [mySpider.pipelines] WARNING: {'name': '孙老师', 'title': '高级讲师', 'hello': 'world'}
2019-10-16 02:29:29 [mySpider.pipelines] WARNING: {'name': '李老师', 'title': '高级讲师', 'hello': 'world'}
2019-10-16 02:29:29 [mySpider.pipelines] WARNING: {'name': '周老师', 'title': '高级讲师', 'hello': 'world'}
2019-10-16 02:29:29 [mySpider.pipelines] WARNING: {'name': '王老师', 'title': '高级讲师', 'hello': 'world'}
2019-10-16 02:29:29 [mySpider.pipelines] WARNING: {'name': '刘老师', 'title': '高级讲师', 'hello': 'world'}
2019-10-16 02:29:29 [mySpider.pipelines] WARNING: {'name': '陈老师', 'title': '高级讲师', 'hello': 'world'}
2019-10-16 02:29:29 [mySpider.pipelines] WARNING: {'name': ' 金老师', 'title': '高级讲师', 'hello': 'world'}
2019-10-16 02:29:29 [mySpider.pipelines] WARNING: {'name': '邢老师', 'title': '高级讲师', 'hello': 'world'}
2019-10-16 02:29:29 [mySpider.pipelines] WARNING: {'name': '王老师', 'title': '高级讲师', 'hello': 'world'}
2019-10-16 02:29:29 [mySpider.pipelines] WARNING: {'name': '江老师', 'title': '高级讲师', 'hello': 'world'}
2019-10-16 02:29:29 [mySpider.pipelines] WARNING: {'name': '谢老师', 'title': '高级讲师', 'hello': 'world'}
2019-10-16 02:29:29 [mySpider.pipelines] WARNING: {'name': ' 惠老师', 'title': '高级讲师', 'hello': 'world'}
2019-10-16 02:29:29 [mySpider.pipelines] WARNING: {'name': '刘老师', 'title': '高级讲师', 'hello': 'world'}
2019-10-16 02:29:29 [mySpider.pipelines] WARNING: {'name': '尹老师', 'title': '高级讲师', 'hello': 'world'}
2019-10-16 02:29:29 [mySpider.pipelines] WARNING: {'name': '孔老师', 'title': '高级讲师', 'hello': 'world'}
2019-10-16 02:29:29 [mySpider.pipelines] WARNING: {'name': '赵老师', 'title': '高级讲师', 'hello': 'world'}
2019-10-16 02:29:29 [mySpider.pipelines] WARNING: {'name': '张老师', 'title': '高级讲师', 'hello': 'world'}
2019-10-16 02:29:29 [mySpider.pipelines] WARNING: {'name': '杜老师', 'title': '高级讲师', 'hello': 'world'}
2019-10-16 02:29:29 [mySpider.pipelines] WARNING: {'name': '赵老师', 'title': '高级讲师', 'hello': 'world'}
2019-10-16 02:29:29 [mySpider.pipelines] WARNING: {'name': '庄老师', 'title': '高级讲师', 'hello': 'world'}
2019-10-16 02:29:29 [mySpider.pipelines] WARNING: {'name': '刘老师', 'title': '高级讲师', 'hello': 'world'}
2019-10-16 02:29:29 [mySpider.pipelines] WARNING: {'name': '郭老师', 'title': '高级讲师', 'hello': 'world'}
2019-10-16 02:29:29 [mySpider.pipelines] WARNING: {'name': '毛老师', 'title': '高级讲师', 'hello': 'world'}
2019-10-16 02:29:29 [mySpider.pipelines] WARNING: {'name': '丁老师', 'title': '高级讲师', 'hello': 'world'}
2019-10-16 02:29:29 [mySpider.pipelines] WARNING: {'name': '陈老师', 'title': '高级讲师', 'hello': 'world'}
2019-10-16 02:29:29 [mySpider.pipelines] WARNING: {'name': '胡老师', 'title': '高级讲师', 'hello': 'world'}
2019-10-16 02:29:29 [mySpider.pipelines] WARNING: {'name': '李老师', 'title': '高级讲师', 'hello': 'world'}
2019-10-16 02:29:29 [mySpider.pipelines] WARNING: {'name': '刘老师', 'title': '高级讲师', 'hello': 'world'}
2019-10-16 02:29:29 [mySpider.pipelines] WARNING: {'name': '杨老师', 'title': '高级讲师', 'hello': 'world'}
2019-10-16 02:29:29 [mySpider.pipelines] WARNING: {'name': '张老师', 'title': '高级讲师', 'hello': 'world'}
2019-10-16 02:29:29 [mySpider.pipelines] WARNING: {'name': '周老师', 'title': '高级讲师', 'hello': 'world'}
2019-10-16 02:29:29 [mySpider.pipelines] WARNING: {'name': '彭老师', 'title': '高级讲师', 'hello': 'world'}
2019-10-16 02:29:29 [mySpider.pipelines] WARNING: {'name': '王老师', 'title': '高级讲师', 'hello': 'world'}
2019-10-16 02:29:29 [mySpider.pipelines] WARNING: {'name': '齐老师', 'title': '高级讲师', 'hello': 'world'}
2019-10-16 02:29:29 [mySpider.pipelines] WARNING: {'name': '原老师', 'title': '高级讲师', 'hello': 'world'}
2019-10-16 02:29:29 [mySpider.pipelines] WARNING: {'name': '吕老师', 'title': '高级讲师', 'hello': 'world'}
2019-10-16 02:29:29 [mySpider.pipelines] WARNING: {'name': '秦老师', 'title': '高级讲师', 'hello': 'world'}
2019-10-16 02:29:29 [mySpider.pipelines] WARNING: {'name': '陈老师', 'title': '高级讲师', 'hello': 'world'}
2019-10-16 02:29:29 [mySpider.pipelines] WARNING: {'name': '江老师', 'title': '高级讲师', 'hello': 'world'}
2019-10-16 02:29:29 [mySpider.pipelines] WARNING: {'name': '刘老师', 'title': '高级讲师', 'hello': 'world'}
2019-10-16 02:29:29 [mySpider.pipelines] WARNING: {'name': '谢老师', 'title': '高级讲师', 'hello': 'world'}
2019-10-16 02:29:29 [mySpider.pipelines] WARNING: {'name': '朱老师', 'title': '高级讲师', 'hello': 'world'}
2019-10-16 02:29:29 [mySpider.pipelines] WARNING: {'name': '张老师', 'title': '高级讲师', 'hello': 'world'}
2019-10-16 02:29:29 [mySpider.pipelines] WARNING: {'name': '盛老师', 'title': '高级讲师', 'hello': 'world'}
2019-10-16 02:29:29 [mySpider.pipelines] WARNING: {'name': '范老师', 'title': '高级讲师', 'hello': 'world'}
2019-10-16 02:29:29 [mySpider.pipelines] WARNING: {'name': '王老师', 'title': '高级讲师', 'hello': 'world'}
2019-10-16 02:29:29 [mySpider.pipelines] WARNING: {'name': '沈老师', 'title': '高级讲师', 'hello': 'world'}
2019-10-16 02:29:29 [mySpider.pipelines] WARNING: {'name': '何老师', 'title': '高级讲师', 'hello': 'world'}
2019-10-16 02:29:29 [mySpider.pipelines] WARNING: {'name': '李老师', 'title': '高级讲师', 'hello': 'world'}
2019-10-16 02:29:29 [mySpider.pipelines] WARNING: {'name': '梅老师', 'title': '高级讲师', 'hello': 'world'}
2019-10-16 02:29:29 [mySpider.pipelines] WARNING: {'name': '姚老师', 'title': '高级讲师', 'hello': 'world'}
2019-10-16 02:29:29 [mySpider.pipelines] WARNING: {'name': '陈老师', 'title': '高级讲师', 'hello': 'world'}
2019-10-16 02:29:29 [mySpider.pipelines] WARNING: {'name': '许老师', 'title': '高级讲师', 'hello': 'world'}
2019-10-16 02:29:29 [mySpider.pipelines] WARNING: {'name': '张老师', 'title': '高级讲师', 'hello': 'world'}
2019-10-16 02:29:29 [mySpider.pipelines] WARNING: {'name': '李老师', 'title': '高级讲师', 'hello': 'world'}
2019-10-16 02:29:29 [mySpider.pipelines] WARNING: {'name': '肖老师', 'title': '高级讲师', 'hello': 'world'}
2019-10-16 02:29:29 [mySpider.pipelines] WARNING: {'name': '唐老师', 'title': '高级讲师', 'hello': 'world'}
2019-10-16 02:29:29 [mySpider.pipelines] WARNING: {'name': '肖老师', 'title': '高级讲师', 'hello': 'world'}
2019-10-16 02:29:29 [mySpider.pipelines] WARNING: {'name': '刘老师', 'title': '高级讲师', 'hello': 'world'}
2019-10-16 02:29:29 [mySpider.pipelines] WARNING: {'name': '李老师', 'title': '高级讲师', 'hello': 'world'}
2019-10-16 02:29:29 [mySpider.pipelines] WARNING: {'name': ' 许老师', 'title': '高级讲师', 'hello': 'world'}
2019-10-16 02:29:29 [mySpider.pipelines] WARNING: {'name': '石老师', 'title': '高级讲师', 'hello': 'world'}
2019-10-16 02:29:29 [mySpider.pipelines] WARNING: {'name': '刘老师', 'title': '高级讲师', 'hello': 'world'}
2019-10-16 02:29:29 [mySpider.pipelines] WARNING: {'name': '恩老师', 'title': '高级讲师', 'hello': 'world'}
2019-10-16 02:29:29 [mySpider.pipelines] WARNING: {'name': '赵老师', 'title': '高级讲师', 'hello': 'world'}
2019-10-16 02:29:29 [mySpider.pipelines] WARNING: {'name': '庄老师', 'title': '高级讲师', 'hello': 'world'}
2019-10-16 02:29:29 [mySpider.pipelines] WARNING: {'name': '查老师', 'title': '高级讲师', 'hello': 'world'}
2019-10-16 02:29:29 [mySpider.pipelines] WARNING: {'name': '刘老师', 'title': '高级讲师', 'hello': 'world'}
2019-10-16 02:29:29 [mySpider.pipelines] WARNING: {'name': '曲老师', 'title': '高级讲师', 'hello': 'world'}
2019-10-16 02:29:29 [mySpider.pipelines] WARNING: {'name': '王老师', 'title': '高级讲师', 'hello': 'world'}
2019-10-16 02:29:29 [mySpider.pipelines] WARNING: {'name': '张老师\t', 'title': '高级讲师', 'hello': 'world'}
2019-10-16 02:29:29 [mySpider.pipelines] WARNING: {'name': '李老师', 'title': '高级讲师', 'hello': 'world'}
2019-10-16 02:29:29 [mySpider.pipelines] WARNING: {'name': '李老师', 'title': '高级讲师', 'hello': 'world'}
2019-10-16 02:29:29 [mySpider.pipelines] WARNING: {'name': '陈老师', 'title': '高级讲师', 'hello': 'world'}
2019-10-16 02:29:29 [mySpider.pipelines] WARNING: {'name': '贺老师', 'title': '高级讲师', 'hello': 'world'}
2019-10-16 02:29:29 [mySpider.pipelines] WARNING: {'name': '宋老师', 'title': '高级讲师', 'hello': 'world'}
2019-10-16 02:29:29 [mySpider.pipelines] WARNING: {'name': '雷老师', 'title': '高级讲师', 'hello': 'world'}
2019-10-16 02:29:29 [mySpider.pipelines] WARNING: {'name': '刘老师', 'title': '高级讲师', 'hello': 'world'}
2019-10-16 02:29:29 [mySpider.pipelines] WARNING: {'name': '郭老师', 'title': '高级讲师', 'hello': 'world'}
2019-10-16 02:29:29 [mySpider.pipelines] WARNING: {'name': '高老师', 'title': '高级讲师', 'hello': 'world'}
2019-10-16 02:29:29 [mySpider.pipelines] WARNING: {'name': '谭老师', 'title': '高级讲师', 'hello': 'world'}
2019-10-16 02:29:29 [mySpider.pipelines] WARNING: {'name': '廖老师', 'title': '高级讲师', 'hello': 'world'}
2019-10-16 02:29:29 [mySpider.pipelines] WARNING: {'name': '王老师', 'title': '高级讲师', 'hello': 'world'}
2019-10-16 02:29:29 [mySpider.pipelines] WARNING: {'name': '周老师', 'title': '高级讲师', 'hello': 'world'}
2019-10-16 02:29:29 [mySpider.pipelines] WARNING: {'name': '杨老师', 'title': '高级讲师', 'hello': 'world'}
2019-10-16 02:29:29 [mySpider.pipelines] WARNING: {'name': '王老师', 'title': '高级讲师', 'hello': 'world'}
2019-10-16 02:29:29 [mySpider.pipelines] WARNING: {'name': '缪老师', 'title': '高级讲师', 'hello': 'world'}
2019-10-16 02:29:29 [mySpider.pipelines] WARNING: {'name': '许老师', 'title': '高级讲师', 'hello': 'world'}
2019-10-16 02:29:29 [mySpider.pipelines] WARNING: {'name': '金老师', 'title': '高级讲师', 'hello': 'world'}
2019-10-16 02:29:29 [mySpider.pipelines] WARNING: {'name': '邓老师', 'title': '高级讲师', 'hello': 'world'}
2019-10-16 02:29:29 [mySpider.pipelines] WARNING: {'name': '龚老师', 'title': '高级讲师', 'hello': 'world'}
2019-10-16 02:29:29 [mySpider.pipelines] WARNING: {'name': '李老师', 'title': '高级讲师', 'hello': 'world'}
2019-10-16 02:29:29 [mySpider.pipelines] WARNING: {'name': '方老师', 'title': '高级讲师', 'hello': 'world'}
2019-10-16 02:29:29 [mySpider.pipelines] WARNING: {'name': '曾老师', 'title': '高级讲师', 'hello': 'world'}
2019-10-16 02:29:29 [mySpider.pipelines] WARNING: {'name': '梁老师', 'title': '高级讲师', 'hello': 'world'}
2019-10-16 02:29:29 [mySpider.pipelines] WARNING: {'name': '闫老师', 'title': '高级讲师', 'hello': 'world'}
2019-10-16 02:29:29 [mySpider.pipelines] WARNING: {'name': '杨老师', 'title': '高级讲师', 'hello': 'world'}
2019-10-16 02:29:29 [mySpider.pipelines] WARNING: {'name': '邓老师', 'title': '高级讲师', 'hello': 'world'}
2019-10-16 02:29:29 [mySpider.pipelines] WARNING: {'name': '龚老师', 'title': '高级讲师', 'hello': 'world'}
2019-10-16 02:29:29 [mySpider.pipelines] WARNING: {'name': '薛老师', 'title': '高级讲师', 'hello': 'world'}
2019-10-16 02:29:29 [mySpider.pipelines] WARNING: {'name': '张老师', 'title': '高级讲师', 'hello': 'world'}
2019-10-16 02:29:29 [mySpider.pipelines] WARNING: {'name': '丛老师', 'title': '高级讲师', 'hello': 'world'}
2019-10-16 02:29:29 [mySpider.pipelines] WARNING: {'name': '李老师', 'title': '高级讲师', 'hello': 'world'}
2019-10-16 02:29:29 [mySpider.pipelines] WARNING: {'name': '刘老师', 'title': '高级讲师', 'hello': 'world'}
2019-10-16 02:29:29 [mySpider.pipelines] WARNING: {'name': '彭老师', 'title': '高级讲师', 'hello': 'world'}
2019-10-16 02:29:29 [mySpider.pipelines] WARNING: {'name': '杨老师', 'title': '高级讲师', 'hello': 'world'}
2019-10-16 02:29:29 [mySpider.pipelines] WARNING: {'name': '杨老师', 'title': '高级讲师', 'hello': 'world'}
2019-10-16 02:29:29 [mySpider.pipelines] WARNING: {'name': '袁老师', 'title': '高级讲师', 'hello': 'world'}
2019-10-16 02:29:29 [mySpider.pipelines] WARNING: {'name': '周老师', 'title': '高级讲师', 'hello': 'world'}
2019-10-16 02:29:29 [mySpider.pipelines] WARNING: {'name': '张老师', 'title': '高级讲师', 'hello': 'world'}
2019-10-16 02:29:29 [mySpider.pipelines] WARNING: {'name': '黄老师', 'title': '高级讲师', 'hello': 'world'}
2019-10-16 02:29:29 [mySpider.pipelines] WARNING: {'name': '伍老师', 'title': '高级讲师', 'hello': 'world'}
2019-10-16 02:29:29 [mySpider.pipelines] WARNING: {'name': '江老师', 'title': '高级讲师', 'hello': 'world'}
2019-10-16 02:29:29 [mySpider.pipelines] WARNING: {'name': '段老师', 'title': '高级讲师', 'hello': 'world'}
2019-10-16 02:29:29 [mySpider.pipelines] WARNING: {'name': '刘老师', 'title': '高级讲师', 'hello': 'world'}
2019-10-16 02:29:29 [mySpider.pipelines] WARNING: {'name': '彭老师', 'title': '高级讲师', 'hello': 'world'}
2019-10-16 02:29:29 [mySpider.pipelines] WARNING: {'name': '李老师', 'title': '高级讲师', 'hello': 'world'}
2019-10-16 02:29:29 [mySpider.pipelines] WARNING: {'name': '苏老师', 'title': '高级讲师', 'hello': 'world'}
2019-10-16 02:29:29 [mySpider.pipelines] WARNING: {'name': '王老师', 'title': '高级讲师', 'hello': 'world'}
2019-10-16 02:29:29 [mySpider.pipelines] WARNING: {'name': '吴老师', 'title': '高级讲师', 'hello': 'world'}
2019-10-16 02:29:29 [mySpider.pipelines] WARNING: {'name': '沈老师', 'title': '高级讲师', 'hello': 'world'}
2019-10-16 02:29:29 [mySpider.pipelines] WARNING: {'name': '李老师', 'title': '高级讲师', 'hello': 'world'}
2019-10-16 02:29:29 [mySpider.pipelines] WARNING: {'name': '周老师', 'title': '高级讲师', 'hello': 'world'}
2019-10-16 02:29:29 [mySpider.pipelines] WARNING: {'name': '赵老师', 'title': '高级讲师', 'hello': 'world'}
2019-10-16 02:29:29 [mySpider.pipelines] WARNING: {'name': '潘老师', 'title': '高级讲师', 'hello': 'world'}
2019-10-16 02:29:29 [mySpider.pipelines] WARNING: {'name': '胡老师', 'title': '高级讲师', 'hello': 'world'}
2019-10-16 02:29:29 [mySpider.pipelines] WARNING: {'name': '王老师', 'title': '高级讲师', 'hello': 'world'}
2019-10-16 02:29:29 [mySpider.pipelines] WARNING: {'name': '肖老师', 'title': '高级讲师', 'hello': 'world'}
2019-10-16 02:29:29 [mySpider.pipelines] WARNING: {'name': '信老师', 'title': '高级讲师', 'hello': 'world'}
